\BOOKMARK [0][-]{chapter.1}{1\040References}{}% 1
\BOOKMARK [0][-]{chapter.2}{2\040Abbreviations\040and\040definitions}{}% 2
\BOOKMARK [1][-]{section.2.1}{2.1\040Abbreviations}{chapter.2}% 3
\BOOKMARK [1][-]{section.2.2}{2.2\040Definitions}{chapter.2}% 4
\BOOKMARK [0][-]{chapter.3}{3\040Introduction}{}% 5
\BOOKMARK [1][-]{section.3.1}{3.1\040What\040is\040Prior\040RTOS?}{chapter.3}% 6
\BOOKMARK [1][-]{section.3.2}{3.2\040Core\040values}{chapter.3}% 7
\BOOKMARK [1][-]{section.3.3}{3.3\040Features}{chapter.3}% 8
\BOOKMARK [0][-]{chapter.4}{4\040Types}{}% 9
\BOOKMARK [1][-]{section.4.1}{4.1\040List\040of\040types}{chapter.4}% 10
\BOOKMARK [1][-]{section.4.2}{4.2\040The\040Object\040ID}{chapter.4}% 11
\BOOKMARK [1][-]{section.4.3}{4.3\040The\040OS\040result\040type}{chapter.4}% 12
\BOOKMARK [0][-]{chapter.5}{5\040Events}{}% 13
\BOOKMARK [1][-]{section.5.1}{5.1\040Publishing}{chapter.5}% 14
\BOOKMARK [1][-]{section.5.2}{5.2\040Subscribing}{chapter.5}% 15
\BOOKMARK [1][-]{section.5.3}{5.3\040Handling}{chapter.5}% 16
\BOOKMARK [1][-]{section.5.4}{5.4\040Characteristics}{chapter.5}% 17
\BOOKMARK [0][-]{chapter.6}{6\040Scheduling\040policy}{}% 18
\BOOKMARK [0][-]{chapter.7}{7\040Kernel\040Control}{}% 19
\BOOKMARK [1][-]{section.7.1}{7.1\040Description}{chapter.7}% 20
\BOOKMARK [1][-]{section.7.2}{7.2\040Os\040API}{chapter.7}% 21
\BOOKMARK [2][-]{subsection.7.2.1}{7.2.1\040OsInit}{section.7.2}% 22
\BOOKMARK [2][-]{subsection.7.2.2}{7.2.2\040OsStart}{section.7.2}% 23
\BOOKMARK [2][-]{subsection.7.2.3}{7.2.3\040OsFrequencySet}{section.7.2}% 24
\BOOKMARK [2][-]{subsection.7.2.4}{7.2.4\040OsFrequencyGet}{section.7.2}% 25
\BOOKMARK [2][-]{subsection.7.2.5}{7.2.5\040OsVersionGet}{section.7.2}% 26
\BOOKMARK [2][-]{subsection.7.2.6}{7.2.6\040OsRuntimeGet}{section.7.2}% 27
\BOOKMARK [2][-]{subsection.7.2.7}{7.2.7\040OsTickPeriodGet}{section.7.2}% 28
\BOOKMARK [2][-]{subsection.7.2.8}{7.2.8\040OsTasksTotalGet}{section.7.2}% 29
\BOOKMARK [2][-]{subsection.7.2.9}{7.2.9\040OsTasksActiveGet}{section.7.2}% 30
\BOOKMARK [2][-]{subsection.7.2.10}{7.2.10\040OsEventsTotalGet}{section.7.2}% 31
\BOOKMARK [2][-]{subsection.7.2.11}{7.2.11\040OsTaskExists}{section.7.2}% 32
\BOOKMARK [2][-]{subsection.7.2.12}{7.2.12\040OsCritSectEnter}{section.7.2}% 33
\BOOKMARK [2][-]{subsection.7.2.13}{7.2.13\040OsCritSectExit}{section.7.2}% 34
\BOOKMARK [2][-]{subsection.7.2.14}{7.2.14\040OsIsrEnter}{section.7.2}% 35
\BOOKMARK [2][-]{subsection.7.2.15}{7.2.15\040OsIsrExit}{section.7.2}% 36
\BOOKMARK [2][-]{subsection.7.2.16}{7.2.16\040OsSchedulerLock}{section.7.2}% 37
\BOOKMARK [2][-]{subsection.7.2.17}{7.2.17\040OsSchedulerUnlock}{section.7.2}% 38
\BOOKMARK [0][-]{chapter.8}{8\040Tasks}{}% 39
\BOOKMARK [1][-]{section.8.1}{8.1\040Task\040API}{chapter.8}% 40
\BOOKMARK [2][-]{subsection.8.1.1}{8.1.1\040TaskCreate}{section.8.1}% 41
\BOOKMARK [2][-]{subsection.8.1.2}{8.1.2\040TaskDelete}{section.8.1}% 42
\BOOKMARK [2][-]{subsection.8.1.3}{8.1.3\040TaskDeadlineSet}{section.8.1}% 43
\BOOKMARK [2][-]{subsection.8.1.4}{8.1.4\040TaskPrioritySet}{section.8.1}% 44
\BOOKMARK [2][-]{subsection.8.1.5}{8.1.5\040TaskPriorityGet}{section.8.1}% 45
\BOOKMARK [2][-]{subsection.8.1.6}{8.1.6\040TaskCategorySet}{section.8.1}% 46
\BOOKMARK [2][-]{subsection.8.1.7}{8.1.7\040TaskCategoryGet}{section.8.1}% 47
\BOOKMARK [2][-]{subsection.8.1.8}{8.1.8\040TaskStateGet}{section.8.1}% 48
\BOOKMARK [2][-]{subsection.8.1.9}{8.1.9\040TaskRuntimeGet}{section.8.1}% 49
\BOOKMARK [2][-]{subsection.8.1.10}{8.1.10\040TaskIdGet}{section.8.1}% 50
\BOOKMARK [2][-]{subsection.8.1.11}{8.1.11\040TaskNotify}{section.8.1}% 51
\BOOKMARK [2][-]{subsection.8.1.12}{8.1.12\040TaskSleep}{section.8.1}% 52
\BOOKMARK [2][-]{subsection.8.1.13}{8.1.13\040TaskPoll}{section.8.1}% 53
\BOOKMARK [0][-]{chapter.9}{9\040Memory\040Management}{}% 54
\BOOKMARK [1][-]{section.9.1}{9.1\040Description}{chapter.9}% 55
\BOOKMARK [1][-]{section.9.2}{9.2\040Mm\040API}{chapter.9}% 56
\BOOKMARK [2][-]{subsection.9.2.1}{9.2.1\040MmPoolCreate}{section.9.2}% 57
\BOOKMARK [2][-]{subsection.9.2.2}{9.2.2\040MmPoolDelete}{section.9.2}% 58
\BOOKMARK [2][-]{subsection.9.2.3}{9.2.3\040MmPoolFormat}{section.9.2}% 59
\BOOKMARK [2][-]{subsection.9.2.4}{9.2.4\040MmPoolFreeSpaceGet}{section.9.2}% 60
\BOOKMARK [2][-]{subsection.9.2.5}{9.2.5\040MmOsHeapFreeSpaceGet}{section.9.2}% 61
\BOOKMARK [2][-]{subsection.9.2.6}{9.2.6\040MmAlloc}{section.9.2}% 62
\BOOKMARK [2][-]{subsection.9.2.7}{9.2.7\040MmReAlloc}{section.9.2}% 63
\BOOKMARK [2][-]{subsection.9.2.8}{9.2.8\040MmFree}{section.9.2}% 64
\BOOKMARK [2][-]{subsection.9.2.9}{9.2.9\040MmAllocSizeGet}{section.9.2}% 65
\BOOKMARK [0][-]{chapter.10}{10\040Timers}{}% 66
\BOOKMARK [1][-]{section.10.1}{10.1\040Description}{chapter.10}% 67
\BOOKMARK [2][-]{subsection.10.1.1}{10.1.1\040Timer\040parameter}{section.10.1}% 68
\BOOKMARK [2][-]{subsection.10.1.2}{10.1.2\040States}{section.10.1}% 69
\BOOKMARK [2][-]{subsection.10.1.3}{10.1.3\040Events}{section.10.1}% 70
\BOOKMARK [1][-]{section.10.2}{10.2\040Timer\040API}{chapter.10}% 71
\BOOKMARK [2][-]{subsection.10.2.1}{10.2.1\040TimerCreate}{section.10.2}% 72
\BOOKMARK [2][-]{subsection.10.2.2}{10.2.2\040TimerDelete}{section.10.2}% 73
\BOOKMARK [2][-]{subsection.10.2.3}{10.2.3\040TimerStop}{section.10.2}% 74
\BOOKMARK [2][-]{subsection.10.2.4}{10.2.4\040TimerStart}{section.10.2}% 75
\BOOKMARK [2][-]{subsection.10.2.5}{10.2.5\040TimerPause}{section.10.2}% 76
\BOOKMARK [2][-]{subsection.10.2.6}{10.2.6\040TimerReset}{section.10.2}% 77
\BOOKMARK [2][-]{subsection.10.2.7}{10.2.7\040TimerStartAll}{section.10.2}% 78
\BOOKMARK [2][-]{subsection.10.2.8}{10.2.8\040TimerStopAll}{section.10.2}% 79
\BOOKMARK [2][-]{subsection.10.2.9}{10.2.9\040TimerResetAll}{section.10.2}% 80
\BOOKMARK [2][-]{subsection.10.2.10}{10.2.10\040}{section.10.2}% 81
\BOOKMARK [2][-]{subsection.10.2.11}{10.2.11\040}{section.10.2}% 82
\BOOKMARK [2][-]{subsection.10.2.12}{10.2.12\040TimerIntervalSet}{section.10.2}% 83
\BOOKMARK [2][-]{subsection.10.2.13}{10.2.13\040}{section.10.2}% 84
\BOOKMARK [2][-]{subsection.10.2.14}{10.2.14\040TimerIterationsGet}{section.10.2}% 85
\BOOKMARK [2][-]{subsection.10.2.15}{10.2.15\040TimerIterationsSet}{section.10.2}% 86
\BOOKMARK [2][-]{subsection.10.2.16}{10.2.16\040}{section.10.2}% 87
\BOOKMARK [2][-]{subsection.10.2.17}{10.2.17\040}{section.10.2}% 88
\BOOKMARK [0][-]{chapter.11}{11\040Semaphores}{}% 89
\BOOKMARK [1][-]{section.11.1}{11.1\040Semaphore\040API}{chapter.11}% 90
\BOOKMARK [2][-]{subsection.11.1.1}{11.1.1\040SemaphoreCreate}{section.11.1}% 91
\BOOKMARK [2][-]{subsection.11.1.2}{11.1.2\040SemaphoreDelete}{section.11.1}% 92
\BOOKMARK [2][-]{subsection.11.1.3}{11.1.3\040SemaphoreAcquire}{section.11.1}% 93
\BOOKMARK [2][-]{subsection.11.1.4}{11.1.4\040SemaphoreAcquire}{section.11.1}% 94
\BOOKMARK [2][-]{subsection.11.1.5}{11.1.5\040SemaphoreRelease}{section.11.1}% 95
\BOOKMARK [2][-]{subsection.11.1.6}{11.1.6\040SemaphoreCountSet}{section.11.1}% 96
\BOOKMARK [2][-]{subsection.11.1.7}{11.1.7\040SemaphoreCountGet}{section.11.1}% 97
\BOOKMARK [2][-]{subsection.11.1.8}{11.1.8\040SemaphoreCountReset}{section.11.1}% 98
\BOOKMARK [0][-]{chapter.12}{12\040Mailboxes}{}% 99
\BOOKMARK [1][-]{section.12.1}{12.1\040Mailbox\040API}{chapter.12}% 100
\BOOKMARK [2][-]{subsection.12.1.1}{12.1.1\040MailboxCreate}{section.12.1}% 101
\BOOKMARK [2][-]{subsection.12.1.2}{12.1.2\040MailboxDelete}{section.12.1}% 102
\BOOKMARK [2][-]{subsection.12.1.3}{12.1.3\040MailboxPost}{section.12.1}% 103
\BOOKMARK [2][-]{subsection.12.1.4}{12.1.4\040MailboxPend}{section.12.1}% 104
\BOOKMARK [2][-]{subsection.12.1.5}{12.1.5\040MailboxPendCounterGet}{section.12.1}% 105
\BOOKMARK [0][-]{chapter.13}{13\040Eventgroups}{}% 106
\BOOKMARK [1][-]{section.13.1}{13.1\040Description}{chapter.13}% 107
\BOOKMARK [1][-]{section.13.2}{13.2\040Events}{chapter.13}% 108
\BOOKMARK [1][-]{section.13.3}{13.3\040Eventgroup\040API}{chapter.13}% 109
\BOOKMARK [2][-]{subsection.13.3.1}{13.3.1\040EventgroupCreate}{section.13.3}% 110
\BOOKMARK [2][-]{subsection.13.3.2}{13.3.2\040EventgroupDelete}{section.13.3}% 111
\BOOKMARK [2][-]{subsection.13.3.3}{13.3.3\040EventgroupFlagsSet}{section.13.3}% 112
\BOOKMARK [2][-]{subsection.13.3.4}{13.3.4\040EventgroupFlagsClear}{section.13.3}% 113
\BOOKMARK [2][-]{subsection.13.3.5}{13.3.5\040EventgroupFlagsGet}{section.13.3}% 114
\BOOKMARK [0][-]{chapter.14}{14\040Ringbuffers}{}% 115
\BOOKMARK [1][-]{section.14.1}{14.1\040Ringbuffer\040API}{chapter.14}% 116
\BOOKMARK [2][-]{subsection.14.1.1}{14.1.1\040RingbufCreate}{section.14.1}% 117
\BOOKMARK [2][-]{subsection.14.1.2}{14.1.2\040}{section.14.1}% 118
\BOOKMARK [2][-]{subsection.14.1.3}{14.1.3\040RingbufWrite}{section.14.1}% 119
\BOOKMARK [2][-]{subsection.14.1.4}{14.1.4\040RingbufRead}{section.14.1}% 120
\BOOKMARK [2][-]{subsection.14.1.5}{14.1.5\040RingbufDump}{section.14.1}% 121
\BOOKMARK [2][-]{subsection.14.1.6}{14.1.6\040RingbufFlush}{section.14.1}% 122
\BOOKMARK [2][-]{subsection.14.1.7}{14.1.7\040RingbufSearch}{section.14.1}% 123
\BOOKMARK [2][-]{subsection.14.1.8}{14.1.8\040RingbufDataCountGet}{section.14.1}% 124
\BOOKMARK [2][-]{subsection.14.1.9}{14.1.9\040RingbufDataSpaceGet}{section.14.1}% 125
\BOOKMARK [0][-]{chapter.15}{15\040Logger}{}% 126
\BOOKMARK [1][-]{section.15.1}{15.1\040Description}{chapter.15}% 127
\BOOKMARK [1][-]{section.15.2}{15.2\040LOG\040API}{chapter.15}% 128
\BOOKMARK [2][-]{subsection.15.2.1}{15.2.1\040LOG_ERROR_NEWLINE}{section.15.2}% 129
\BOOKMARK [2][-]{subsection.15.2.2}{15.2.2\040LOG_ERROR_APPEND}{section.15.2}% 130
\BOOKMARK [2][-]{subsection.15.2.3}{15.2.3\040LOG_DEBUG_NEWLINE}{section.15.2}% 131
\BOOKMARK [2][-]{subsection.15.2.4}{15.2.4\040LOG_DEBUG_APPEND}{section.15.2}% 132
\BOOKMARK [0][-]{chapter.16}{16\040Conversions}{}% 133
\BOOKMARK [1][-]{section.16.1}{16.1\040Description}{chapter.16}% 134
\BOOKMARK [1][-]{section.16.2}{16.2\040Convert\040API}{chapter.16}% 135
\BOOKMARK [2][-]{subsection.16.2.1}{16.2.1\040ConvertUsToMs}{section.16.2}% 136
\BOOKMARK [2][-]{subsection.16.2.2}{16.2.2\040ConvertMsToUs}{section.16.2}% 137
\BOOKMARK [2][-]{subsection.16.2.3}{16.2.3\040ConvertResultToString}{section.16.2}% 138
\BOOKMARK [2][-]{subsection.16.2.4}{16.2.4\040ConvertIntToString}{section.16.2}% 139
\BOOKMARK [2][-]{subsection.16.2.5}{16.2.5\040ConvertIntToBytes}{section.16.2}% 140
\BOOKMARK [2][-]{subsection.16.2.6}{16.2.6\040ConvertOsVersionToString}{section.16.2}% 141
\BOOKMARK [0][-]{chapter.17}{17\040Shell}{}% 142
\BOOKMARK [1][-]{section.17.1}{17.1\040Description}{chapter.17}% 143
\BOOKMARK [1][-]{section.17.2}{17.2\040Commands}{chapter.17}% 144
\BOOKMARK [2][-]{subsection.17.2.1}{17.2.1\040help}{section.17.2}% 145
\BOOKMARK [2][-]{subsection.17.2.2}{17.2.2\040kstat}{section.17.2}% 146
\BOOKMARK [2][-]{subsection.17.2.3}{17.2.3\040tstat}{section.17.2}% 147
\BOOKMARK [2][-]{subsection.17.2.4}{17.2.4\040run}{section.17.2}% 148
\BOOKMARK [1][-]{section.17.3}{17.3\040Shell\040API}{chapter.17}% 149
\BOOKMARK [2][-]{subsection.17.3.1}{17.3.1\040ShellCommandRegister}{section.17.3}% 150
\BOOKMARK [2][-]{subsection.17.3.2}{17.3.2\040ShellReplyInvalidArgs}{section.17.3}% 151
\BOOKMARK [2][-]{subsection.17.3.3}{17.3.3\040ShellPut}{section.17.3}% 152
\BOOKMARK [2][-]{subsection.17.3.4}{17.3.4\040ShellPutRaw}{section.17.3}% 153
\BOOKMARK [2][-]{subsection.17.3.5}{17.3.5\040ShellPutRawNewline}{section.17.3}% 154
