This is pdfTeX, Version 3.14159265-2.6-1.40.17 (MiKTeX 2.9.6210 64-bit) (preloaded format=pdflatex 2017.4.24)  8 SEP 2017 22:24
entering extended mode
**./PriorRTOS_UserManual_R01.tex
(PriorRTOS_UserManual_R01.tex
LaTeX2e <2017/01/01> patch level 1
Babel <3.9r> and hyphenation patterns for 75 language(s) loaded.
(prodrive/user_manual.cls
Document Class: prodrive/user_manual 
(prodrive/prodrive.cls
Document Class: prodrive/prodrive 
("E:\Program Files\MikTex\tex\latex\base\report.cls"
Document Class: report 2014/09/29 v1.4h Standard LaTeX document class
("E:\Program Files\MikTex\tex\latex\base\size10.clo"
File: size10.clo 2014/09/29 v1.4h Standard LaTeX file (size option)
)
\c@part=\count79
\c@chapter=\count80
\c@section=\count81
\c@subsection=\count82
\c@subsubsection=\count83
\c@paragraph=\count84
\c@subparagraph=\count85
\c@figure=\count86
\c@table=\count87
\abovecaptionskip=\skip41
\belowcaptionskip=\skip42
\bibindent=\dimen102
)
(prodrive/package/pdlayout.sty
Package: prodrive/package/pdlayout 

("E:\Program Files\MikTex\tex\latex\geometry\geometry.sty"
Package: geometry 2010/09/12 v5.6 Page Geometry

("E:\Program Files\MikTex\tex\latex\graphics\keyval.sty"
Package: keyval 2014/10/28 v1.15 key=value parser (DPC)
\KV@toks@=\toks14
)
("E:\Program Files\MikTex\tex\generic\oberdiek\ifpdf.sty"
Package: ifpdf 2016/05/14 v3.1 Provides the ifpdf switch
)
("E:\Program Files\MikTex\tex\generic\oberdiek\ifvtex.sty"
Package: ifvtex 2016/05/16 v1.6 Detect VTeX and its facilities (HO)
Package ifvtex Info: VTeX not detected.
)
("E:\Program Files\MikTex\tex\generic\ifxetex\ifxetex.sty"
Package: ifxetex 2010/09/12 v0.6 Provides ifxetex conditional
)
\Gm@cnth=\count88
\Gm@cntv=\count89
\c@Gm@tempcnt=\count90
\Gm@bindingoffset=\dimen103
\Gm@wd@mp=\dimen104
\Gm@odd@mp=\dimen105
\Gm@even@mp=\dimen106
\Gm@layoutwidth=\dimen107
\Gm@layoutheight=\dimen108
\Gm@layouthoffset=\dimen109
\Gm@layoutvoffset=\dimen110
\Gm@dimlist=\toks15

("E:\Program Files\MikTex\tex\latex\geometry\geometry.cfg")))
("E:\Program Files\MikTex\tex\latex\ltxmisc\parskip.sty"
Package: parskip 2001/04/09 non-zero parskip adjustments
)
(prodrive/package/pdlanguage.sty
Package: prodrive/package/pdlanguage 

("E:\Program Files\MikTex\tex\generic\babel\babel.sty"
Package: babel 2016/04/23 3.9r The Babel package

*************************************
* Local config file bblopts.cfg used
*
("E:\Program Files\MikTex\tex\latex\arabi\bblopts.cfg"
File: bblopts.cfg 2005/09/08 v0.1 add Arabic and Farsi to "declared" options of
 babel
)
("E:\Program Files\MikTex\tex\latex\babel-english\english.ldf"
Language: english 2017/01/24 v3.3q English support from the babel system

("E:\Program Files\MikTex\tex\generic\babel\babel.def"
File: babel.def 2016/04/23 3.9r Babel common definitions
\babel@savecnt=\count91
\U@D=\dimen111
)
\l@canadian = a dialect from \language\l@american 
\l@australian = a dialect from \language\l@british 
\l@newzealand = a dialect from \language\l@british 
)))
(prodrive/package/pdtitlepage.sty
Package: prodrive/package/pdtitlepage 
 (prodrive/package/pdattribute.sty
Package: prodrive/package/pdattribute 

("E:\Program Files\MikTex\tex\latex\datetime\datetime.sty"
Package: datetime 2015/03/20 v2.60 Date Time Package

("E:\Program Files\MikTex\tex\latex\etoolbox\etoolbox.sty"
Package: etoolbox 2017/01/02 v2.4 e-TeX tools for LaTeX (JAW)
\etb@tempcnta=\count92
)
("E:\Program Files\MikTex\tex\latex\fmtcount\fmtcount.sty"
Package: fmtcount 2015/05/05 v3.01

("E:\Program Files\MikTex\tex\latex\base\ifthen.sty"
Package: ifthen 2014/09/29 v1.1c Standard LaTeX ifthen package (DPC)
)
("E:\Program Files\MikTex\tex\latex\xkeyval\xkeyval.sty"
Package: xkeyval 2014/12/03 v2.7a package option processing (HA)

("E:\Program Files\MikTex\tex\generic\xkeyval\xkeyval.tex"
("E:\Program Files\MikTex\tex\generic\xkeyval\xkvutils.tex"
\XKV@toks=\toks16
\XKV@tempa@toks=\toks17
)
\XKV@depth=\count93
File: xkeyval.tex 2014/12/03 v2.7a key=value parser (HA)
))
("E:\Program Files\MikTex\tex\latex\fmtcount\fcprefix.sty"
Package: fcprefix 2012/09/28

("E:\Program Files\MikTex\tex\latex\fmtcount\fcnumparser.sty"
Package: fcnumparser 2012/09/28
\fc@digit@counter=\count94
))
("E:\Program Files\MikTex\tex\latex\amsmath\amsgen.sty"
File: amsgen.sty 1999/11/30 v2.0 generic functions
\@emptytoks=\toks18
\ex@=\dimen112
)
\c@padzeroesN=\count95
\fc@tmpcatcode=\count96

("E:\Program Files\MikTex\tex\latex\fmtcount\fc-english.def"
File: fc-english.def 2013/08/17
)
\@DT@modctr=\count97
\@ordinalctr=\count98
\@orgargctr=\count99
\@strctr=\count100
\@tmpstrctr=\count101
\@DT@loopN=\count102
\@DT@X=\count103
)
("E:\Program Files\MikTex\tex\latex\datetime\datetime-defaults.sty"
Package: datetime-defaults 2013/09/10
)
\@day=\count104
\@month=\count105
\@year=\count106
\c@HOUR=\count107
\c@HOURXII=\count108
\c@MINUTE=\count109
\c@TOHOUR=\count110
\c@TOMINUTE=\count111
\c@SECOND=\count112
\currenthour=\count113
\currentminute=\count114
\currentsecond=\count115
Package datetime Info: No datetime.cfg file found, using default settings on in
put line 308.
\@dtctr=\count116
\dayofyear=\count117
\dayofweek=\count118
LaTeX Info: Redefining \today on input line 736.
\dt@a=\toks19
\dt@b=\toks20
))
("E:\Program Files\MikTex\tex\latex\fancyhdr\fancyhdr.sty"
Package: fancyhdr 2016/09/06 3.8 Extensive control of page headers and footers
\fancy@headwidth=\skip43
\f@ncyO@elh=\skip44
\f@ncyO@erh=\skip45
\f@ncyO@olh=\skip46
\f@ncyO@orh=\skip47
\f@ncyO@elf=\skip48
\f@ncyO@erf=\skip49
\f@ncyO@olf=\skip50
\f@ncyO@orf=\skip51
)
("E:\Program Files\MikTex\tex\latex\graphics\graphicx.sty"
Package: graphicx 2014/10/28 v1.0g Enhanced LaTeX Graphics (DPC,SPQR)

("E:\Program Files\MikTex\tex\latex\graphics\graphics.sty"
Package: graphics 2016/10/09 v1.0u Standard LaTeX Graphics (DPC,SPQR)

("E:\Program Files\MikTex\tex\latex\graphics\trig.sty"
Package: trig 2016/01/03 v1.10 sin cos tan (DPC)
)
("E:\Program Files\MikTex\tex\latex\graphics-cfg\graphics.cfg"
File: graphics.cfg 2016/06/04 v1.11 sample graphics configuration
)
Package graphics Info: Driver file: pdftex.def on input line 99.

("E:\Program Files\MikTex\tex\latex\graphics-def\pdftex.def"
File: pdftex.def 2017/01/12 v0.06k Graphics/color for pdfTeX

("E:\Program Files\MikTex\tex\generic\oberdiek\infwarerr.sty"
Package: infwarerr 2016/05/16 v1.4 Providing info/warning/error messages (HO)
)
("E:\Program Files\MikTex\tex\generic\oberdiek\ltxcmds.sty"
Package: ltxcmds 2016/05/16 v1.23 LaTeX kernel commands for general use (HO)
)
\Gread@gobject=\count119
))
\Gin@req@height=\dimen113
\Gin@req@width=\dimen114
)
("E:\Program Files\MikTex\tex\latex\pgf\frontendlayer\tikz.sty"
("E:\Program Files\MikTex\tex\latex\pgf\basiclayer\pgf.sty"
("E:\Program Files\MikTex\tex\latex\pgf\utilities\pgfrcs.sty"
("E:\Program Files\MikTex\tex\generic\pgf\utilities\pgfutil-common.tex"
\pgfutil@everybye=\toks21
\pgfutil@tempdima=\dimen115
\pgfutil@tempdimb=\dimen116

("E:\Program Files\MikTex\tex\generic\pgf\utilities\pgfutil-common-lists.tex"))
("E:\Program Files\MikTex\tex\generic\pgf\utilities\pgfutil-latex.def"
\pgfutil@abb=\box26

("E:\Program Files\MikTex\tex\latex\ms\everyshi.sty"
Package: everyshi 2001/05/15 v3.00 EveryShipout Package (MS)
))
("E:\Program Files\MikTex\tex\generic\pgf\utilities\pgfrcs.code.tex"
Package: pgfrcs 2015/08/07 v3.0.1a (rcs-revision 1.31)
))
Package: pgf 2015/08/07 v3.0.1a (rcs-revision 1.15)

("E:\Program Files\MikTex\tex\latex\pgf\basiclayer\pgfcore.sty"
("E:\Program Files\MikTex\tex\latex\pgf\systemlayer\pgfsys.sty"
("E:\Program Files\MikTex\tex\generic\pgf\systemlayer\pgfsys.code.tex"
Package: pgfsys 2014/07/09 v3.0.1a (rcs-revision 1.48)

("E:\Program Files\MikTex\tex\generic\pgf\utilities\pgfkeys.code.tex"
\pgfkeys@pathtoks=\toks22
\pgfkeys@temptoks=\toks23

("E:\Program Files\MikTex\tex\generic\pgf\utilities\pgfkeysfiltered.code.tex"
\pgfkeys@tmptoks=\toks24
))
\pgf@x=\dimen117
\pgf@y=\dimen118
\pgf@xa=\dimen119
\pgf@ya=\dimen120
\pgf@xb=\dimen121
\pgf@yb=\dimen122
\pgf@xc=\dimen123
\pgf@yc=\dimen124
\w@pgf@writea=\write3
\r@pgf@reada=\read1
\c@pgf@counta=\count120
\c@pgf@countb=\count121
\c@pgf@countc=\count122
\c@pgf@countd=\count123
\t@pgf@toka=\toks25
\t@pgf@tokb=\toks26
\t@pgf@tokc=\toks27
("E:\Program Files\MikTex\tex\generic\pgf\systemlayer\pgf.cfg"
File: pgf.cfg 2008/05/14  (rcs-revision 1.7)
)
Driver file for pgf: pgfsys-pdftex.def

("E:\Program Files\MikTex\tex\generic\pgf\systemlayer\pgfsys-pdftex.def"
File: pgfsys-pdftex.def 2014/10/11  (rcs-revision 1.35)

("E:\Program Files\MikTex\tex\generic\pgf\systemlayer\pgfsys-common-pdf.def"
File: pgfsys-common-pdf.def 2013/10/10  (rcs-revision 1.13)
))) ("E:\Program Files\MikTex\tex\generic\pgf\systemlayer\pgfsyssoftpath.code.t
ex"
File: pgfsyssoftpath.code.tex 2013/09/09  (rcs-revision 1.9)
\pgfsyssoftpath@smallbuffer@items=\count124
\pgfsyssoftpath@bigbuffer@items=\count125
) ("E:\Program Files\MikTex\tex\generic\pgf\systemlayer\pgfsysprotocol.code.tex
"
File: pgfsysprotocol.code.tex 2006/10/16  (rcs-revision 1.4)
)) ("E:\Program Files\MikTex\tex\latex\xcolor\xcolor.sty"
Package: xcolor 2016/05/11 v2.12 LaTeX color extensions (UK)

("E:\Program Files\MikTex\tex\latex\graphics-cfg\color.cfg"
File: color.cfg 2016/01/02 v1.6 sample color configuration
)
Package xcolor Info: Driver file: pdftex.def on input line 225.
Package xcolor Info: Model `cmy' substituted by `cmy0' on input line 1348.
Package xcolor Info: Model `hsb' substituted by `rgb' on input line 1352.
Package xcolor Info: Model `RGB' extended on input line 1364.
Package xcolor Info: Model `HTML' substituted by `rgb' on input line 1366.
Package xcolor Info: Model `Hsb' substituted by `hsb' on input line 1367.
Package xcolor Info: Model `tHsb' substituted by `hsb' on input line 1368.
Package xcolor Info: Model `HSB' substituted by `hsb' on input line 1369.
Package xcolor Info: Model `Gray' substituted by `gray' on input line 1370.
Package xcolor Info: Model `wave' substituted by `hsb' on input line 1371.
)
("E:\Program Files\MikTex\tex\generic\pgf\basiclayer\pgfcore.code.tex"
Package: pgfcore 2010/04/11 v3.0.1a (rcs-revision 1.7)

("E:\Program Files\MikTex\tex\generic\pgf\math\pgfmath.code.tex"
("E:\Program Files\MikTex\tex\generic\pgf\math\pgfmathcalc.code.tex"
("E:\Program Files\MikTex\tex\generic\pgf\math\pgfmathutil.code.tex")
("E:\Program Files\MikTex\tex\generic\pgf\math\pgfmathparser.code.tex"
\pgfmath@dimen=\dimen125
\pgfmath@count=\count126
\pgfmath@box=\box27
\pgfmath@toks=\toks28
\pgfmath@stack@operand=\toks29
\pgfmath@stack@operation=\toks30
)
("E:\Program Files\MikTex\tex\generic\pgf\math\pgfmathfunctions.code.tex"
("E:\Program Files\MikTex\tex\generic\pgf\math\pgfmathfunctions.basic.code.tex"
)
("E:\Program Files\MikTex\tex\generic\pgf\math\pgfmathfunctions.trigonometric.c
ode.tex")
("E:\Program Files\MikTex\tex\generic\pgf\math\pgfmathfunctions.random.code.tex
")
("E:\Program Files\MikTex\tex\generic\pgf\math\pgfmathfunctions.comparison.code
.tex")
("E:\Program Files\MikTex\tex\generic\pgf\math\pgfmathfunctions.base.code.tex")
("E:\Program Files\MikTex\tex\generic\pgf\math\pgfmathfunctions.round.code.tex"
) ("E:\Program Files\MikTex\tex\generic\pgf\math\pgfmathfunctions.misc.code.tex
")
("E:\Program Files\MikTex\tex\generic\pgf\math\pgfmathfunctions.integerarithmet
ics.code.tex")))
("E:\Program Files\MikTex\tex\generic\pgf\math\pgfmathfloat.code.tex"
\c@pgfmathroundto@lastzeros=\count127
))
("E:\Program Files\MikTex\tex\generic\pgf\basiclayer\pgfcorepoints.code.tex"
File: pgfcorepoints.code.tex 2013/10/07  (rcs-revision 1.27)
\pgf@picminx=\dimen126
\pgf@picmaxx=\dimen127
\pgf@picminy=\dimen128
\pgf@picmaxy=\dimen129
\pgf@pathminx=\dimen130
\pgf@pathmaxx=\dimen131
\pgf@pathminy=\dimen132
\pgf@pathmaxy=\dimen133
\pgf@xx=\dimen134
\pgf@xy=\dimen135
\pgf@yx=\dimen136
\pgf@yy=\dimen137
\pgf@zx=\dimen138
\pgf@zy=\dimen139
)
("E:\Program Files\MikTex\tex\generic\pgf\basiclayer\pgfcorepathconstruct.code.
tex"
File: pgfcorepathconstruct.code.tex 2013/10/07  (rcs-revision 1.29)
\pgf@path@lastx=\dimen140
\pgf@path@lasty=\dimen141
)
("E:\Program Files\MikTex\tex\generic\pgf\basiclayer\pgfcorepathusage.code.tex"
File: pgfcorepathusage.code.tex 2014/11/02  (rcs-revision 1.24)
\pgf@shorten@end@additional=\dimen142
\pgf@shorten@start@additional=\dimen143
) ("E:\Program Files\MikTex\tex\generic\pgf\basiclayer\pgfcorescopes.code.tex"
File: pgfcorescopes.code.tex 2015/05/08  (rcs-revision 1.46)
\pgfpic=\box28
\pgf@hbox=\box29
\pgf@layerbox@main=\box30
\pgf@picture@serial@count=\count128
)
("E:\Program Files\MikTex\tex\generic\pgf\basiclayer\pgfcoregraphicstate.code.t
ex"
File: pgfcoregraphicstate.code.tex 2014/11/02  (rcs-revision 1.12)
\pgflinewidth=\dimen144
)
("E:\Program Files\MikTex\tex\generic\pgf\basiclayer\pgfcoretransformations.cod
e.tex"
File: pgfcoretransformations.code.tex 2015/08/07  (rcs-revision 1.20)
\pgf@pt@x=\dimen145
\pgf@pt@y=\dimen146
\pgf@pt@temp=\dimen147
)
("E:\Program Files\MikTex\tex\generic\pgf\basiclayer\pgfcorequick.code.tex"
File: pgfcorequick.code.tex 2008/10/09  (rcs-revision 1.3)
)
("E:\Program Files\MikTex\tex\generic\pgf\basiclayer\pgfcoreobjects.code.tex"
File: pgfcoreobjects.code.tex 2006/10/11  (rcs-revision 1.2)
)
("E:\Program Files\MikTex\tex\generic\pgf\basiclayer\pgfcorepathprocessing.code
.tex"
File: pgfcorepathprocessing.code.tex 2013/09/09  (rcs-revision 1.9)
)
("E:\Program Files\MikTex\tex\generic\pgf\basiclayer\pgfcorearrows.code.tex"
File: pgfcorearrows.code.tex 2015/05/14  (rcs-revision 1.43)
\pgfarrowsep=\dimen148
)
("E:\Program Files\MikTex\tex\generic\pgf\basiclayer\pgfcoreshade.code.tex"
File: pgfcoreshade.code.tex 2013/07/15  (rcs-revision 1.15)
\pgf@max=\dimen149
\pgf@sys@shading@range@num=\count129
)
("E:\Program Files\MikTex\tex\generic\pgf\basiclayer\pgfcoreimage.code.tex"
File: pgfcoreimage.code.tex 2013/07/15  (rcs-revision 1.18)

("E:\Program Files\MikTex\tex\generic\pgf\basiclayer\pgfcoreexternal.code.tex"
File: pgfcoreexternal.code.tex 2014/07/09  (rcs-revision 1.21)
\pgfexternal@startupbox=\box31
)) ("E:\Program Files\MikTex\tex\generic\pgf\basiclayer\pgfcorelayers.code.tex"
File: pgfcorelayers.code.tex 2013/07/18  (rcs-revision 1.7)
)
("E:\Program Files\MikTex\tex\generic\pgf\basiclayer\pgfcoretransparency.code.t
ex"
File: pgfcoretransparency.code.tex 2013/09/30  (rcs-revision 1.5)
)
("E:\Program Files\MikTex\tex\generic\pgf\basiclayer\pgfcorepatterns.code.tex"
File: pgfcorepatterns.code.tex 2013/11/07  (rcs-revision 1.5)
))) ("E:\Program Files\MikTex\tex\generic\pgf\modules\pgfmoduleshapes.code.tex"
File: pgfmoduleshapes.code.tex 2014/03/21  (rcs-revision 1.35)
\pgfnodeparttextbox=\box32
) ("E:\Program Files\MikTex\tex\generic\pgf\modules\pgfmoduleplot.code.tex"
File: pgfmoduleplot.code.tex 2015/08/03  (rcs-revision 1.13)
)
("E:\Program Files\MikTex\tex\latex\pgf\compatibility\pgfcomp-version-0-65.sty"
Package: pgfcomp-version-0-65 2007/07/03 v3.0.1a (rcs-revision 1.7)
\pgf@nodesepstart=\dimen150
\pgf@nodesepend=\dimen151
) ("E:\Program Files\MikTex\tex\latex\pgf\compatibility\pgfcomp-version-1-18.st
y"
Package: pgfcomp-version-1-18 2007/07/23 v3.0.1a (rcs-revision 1.1)
)) ("E:\Program Files\MikTex\tex\latex\pgf\utilities\pgffor.sty"
("E:\Program Files\MikTex\tex\latex\pgf\utilities\pgfkeys.sty"
("E:\Program Files\MikTex\tex\generic\pgf\utilities\pgfkeys.code.tex"))
("E:\Program Files\MikTex\tex\latex\pgf\math\pgfmath.sty"
("E:\Program Files\MikTex\tex\generic\pgf\math\pgfmath.code.tex"))
("E:\Program Files\MikTex\tex\generic\pgf\utilities\pgffor.code.tex"
Package: pgffor 2013/12/13 v3.0.1a (rcs-revision 1.25)

("E:\Program Files\MikTex\tex\generic\pgf\math\pgfmath.code.tex")
\pgffor@iter=\dimen152
\pgffor@skip=\dimen153
\pgffor@stack=\toks31
\pgffor@toks=\toks32
))
("E:\Program Files\MikTex\tex\generic\pgf\frontendlayer\tikz\tikz.code.tex"
Package: tikz 2015/08/07 v3.0.1a (rcs-revision 1.151)

("E:\Program Files\MikTex\tex\generic\pgf\libraries\pgflibraryplothandlers.code
.tex"
File: pgflibraryplothandlers.code.tex 2013/08/31 v3.0.1a (rcs-revision 1.20)
\pgf@plot@mark@count=\count130
\pgfplotmarksize=\dimen154
)
\tikz@lastx=\dimen155
\tikz@lasty=\dimen156
\tikz@lastxsaved=\dimen157
\tikz@lastysaved=\dimen158
\tikzleveldistance=\dimen159
\tikzsiblingdistance=\dimen160
\tikz@figbox=\box33
\tikz@figbox@bg=\box34
\tikz@tempbox=\box35
\tikz@tempbox@bg=\box36
\tikztreelevel=\count131
\tikznumberofchildren=\count132
\tikznumberofcurrentchild=\count133
\tikz@fig@count=\count134

("E:\Program Files\MikTex\tex\generic\pgf\modules\pgfmodulematrix.code.tex"
File: pgfmodulematrix.code.tex 2013/09/17  (rcs-revision 1.8)
\pgfmatrixcurrentrow=\count135
\pgfmatrixcurrentcolumn=\count136
\pgf@matrix@numberofcolumns=\count137
)
\tikz@expandcount=\count138

("E:\Program Files\MikTex\tex\generic\pgf\frontendlayer\tikz\libraries\tikzlibr
arytopaths.code.tex"
File: tikzlibrarytopaths.code.tex 2008/06/17 v3.0.1a (rcs-revision 1.2)
)))) (prodrive/package/pdheader.sty
Package: prodrive/package/pdheader 

("E:\Program Files\MikTex\tex\latex\lastpage\lastpage.sty"
Package: lastpage 2015/03/29 v1.2m Refers to last page's name (HMM; JPG)
)
("E:\Program Files\MikTex\tex\latex\lineno\lineno.sty"
Package: lineno 2005/11/02 line numbers on paragraphs v4.41
\linenopenalty=\count139
\output=\toks33
\linenoprevgraf=\count140
\linenumbersep=\dimen161
\linenumberwidth=\dimen162
\c@linenumber=\count141
\c@pagewiselinenumber=\count142
\c@LN@truepage=\count143
\c@internallinenumber=\count144
\c@internallinenumbers=\count145
\quotelinenumbersep=\dimen163
\bframerule=\dimen164
\bframesep=\dimen165
\bframebox=\box37
LaTeX Info: Redefining \\ on input line 3056.
))
(prodrive/package/pdappendix.sty
Package: prodrive/package/pdappendix 

("E:\Program Files\MikTex\tex\latex\titlesec\titlesec.sty"
Package: titlesec 2016/03/21 v2.10.2 Sectioning titles
\ttl@box=\box38
\beforetitleunit=\skip52
\aftertitleunit=\skip53
\ttl@plus=\dimen166
\ttl@minus=\dimen167
\ttl@toksa=\toks34
\titlewidth=\dimen168
\titlewidthlast=\dimen169
\titlewidthfirst=\dimen170
))
(prodrive/package/pdbibliography.sty
Package: prodrive/package/pdbibliography 

("E:\Program Files\MikTex\tex\latex\l3packages\xparse\xparse.sty"
("E:\Program Files\MikTex\tex\latex\l3kernel\expl3.sty"
Package: expl3 2017/04/01 L3 programming layer (loader) 

("E:\Program Files\MikTex\tex\latex\l3kernel\expl3-code.tex"
Package: expl3 2017/04/01 L3 programming layer (code)
\c_max_int=\count146
\l_tmpa_int=\count147
\l_tmpb_int=\count148
\g_tmpa_int=\count149
\g_tmpb_int=\count150
\g__prg_map_int=\count151
\c_log_iow=\count152
\l_iow_line_count_int=\count153
\l__iow_line_target_int=\count154
\l__iow_one_indent_int=\count155
\l__iow_indent_int=\count156
\c_zero_dim=\dimen171
\c_max_dim=\dimen172
\l_tmpa_dim=\dimen173
\l_tmpb_dim=\dimen174
\g_tmpa_dim=\dimen175
\g_tmpb_dim=\dimen176
\c_zero_skip=\skip54
\c_max_skip=\skip55
\l_tmpa_skip=\skip56
\l_tmpb_skip=\skip57
\g_tmpa_skip=\skip58
\g_tmpb_skip=\skip59
\c_zero_muskip=\muskip10
\c_max_muskip=\muskip11
\l_tmpa_muskip=\muskip12
\l_tmpb_muskip=\muskip13
\g_tmpa_muskip=\muskip14
\g_tmpb_muskip=\muskip15
\l_keys_choice_int=\count157
\c__fp_leading_shift_int=\count158
\c__fp_middle_shift_int=\count159
\c__fp_trailing_shift_int=\count160
\c__fp_big_leading_shift_int=\count161
\c__fp_big_middle_shift_int=\count162
\c__fp_big_trailing_shift_int=\count163
\c__fp_Bigg_leading_shift_int=\count164
\c__fp_Bigg_middle_shift_int=\count165
\c__fp_Bigg_trailing_shift_int=\count166
\c__fp_rand_size_int=\count167
\c__fp_rand_four_int=\count168
\c__fp_rand_eight_int=\count169
\l__sort_length_int=\count170
\l__sort_min_int=\count171
\l__sort_top_int=\count172
\l__sort_max_int=\count173
\l__sort_true_max_int=\count174
\l__sort_block_int=\count175
\l__sort_begin_int=\count176
\l__sort_end_int=\count177
\l__sort_A_int=\count178
\l__sort_B_int=\count179
\l__sort_C_int=\count180
\c_empty_box=\box39
\l_tmpa_box=\box40
\l_tmpb_box=\box41
\g_tmpa_box=\box42
\g_tmpb_box=\box43
\l__coffin_internal_box=\box44
\l__coffin_internal_dim=\dimen177
\l__coffin_offset_x_dim=\dimen178
\l__coffin_offset_y_dim=\dimen179
\l__coffin_x_dim=\dimen180
\l__coffin_y_dim=\dimen181
\l__coffin_x_prime_dim=\dimen182
\l__coffin_y_prime_dim=\dimen183
\c_empty_coffin=\box45
\l__coffin_aligned_coffin=\box46
\l__coffin_aligned_internal_coffin=\box47
\l_tmpa_coffin=\box48
\l_tmpb_coffin=\box49
\l__coffin_display_coffin=\box50
\l__coffin_display_coord_coffin=\box51
\l__coffin_display_pole_coffin=\box52
\l__coffin_display_offset_dim=\dimen184
\l__coffin_display_x_dim=\dimen185
\l__coffin_display_y_dim=\dimen186
\l__box_top_dim=\dimen187
\l__box_bottom_dim=\dimen188
\l__box_left_dim=\dimen189
\l__box_right_dim=\dimen190
\l__box_top_new_dim=\dimen191
\l__box_bottom_new_dim=\dimen192
\l__box_left_new_dim=\dimen193
\l__box_right_new_dim=\dimen194
\l__box_internal_box=\box53
\l__coffin_bounding_shift_dim=\dimen195
\l__coffin_left_corner_dim=\dimen196
\l__coffin_right_corner_dim=\dimen197
\l__coffin_bottom_corner_dim=\dimen198
\l__coffin_top_corner_dim=\dimen199
\l__coffin_scaled_total_height_dim=\dimen256
\l__coffin_scaled_width_dim=\dimen257
)
("E:\Program Files\MikTex\tex\latex\l3kernel\l3pdfmode.def"
File: l3pdfmode.def 2017/03/18 v L3 Experimental driver: PDF mode
\l__driver_color_stack_int=\count181
\l__driver_tmp_box=\box54
))
Package: xparse 2017/04/01 L3 Experimental document command parser
\l__xparse_current_arg_int=\count182
\g__xparse_grabber_int=\count183
\l__xparse_m_args_int=\count184
\l__xparse_mandatory_args_int=\count185
\l__xparse_v_nesting_int=\count186
)
\bibrowwidth=\skip60
)
(prodrive/package/pdcolor.sty
Package: prodrive/package/pdcolor 
) (prodrive/package/pddistributionlist.sty
Package: prodrive/package/pddistributionlist 

(prodrive/package/pdtabular.sty
Package: prodrive/package/pdtabular 
 (prodrive/package/pdtable.sty
Package: prodrive/package/pdtable 

("E:\Program Files\MikTex\tex\latex\booktabs\booktabs.sty"
Package: booktabs 2005/04/14 v1.61803 publication quality tables
\heavyrulewidth=\dimen258
\lightrulewidth=\dimen259
\cmidrulewidth=\dimen260
\belowrulesep=\dimen261
\belowbottomsep=\dimen262
\aboverulesep=\dimen263
\abovetopsep=\dimen264
\cmidrulesep=\dimen265
\cmidrulekern=\dimen266
\defaultaddspace=\dimen267
\@cmidla=\count187
\@cmidlb=\count188
\@aboverulesep=\dimen268
\@belowrulesep=\dimen269
\@thisruleclass=\count189
\@lastruleclass=\count190
\@thisrulewidth=\dimen270
)
("E:\Program Files\MikTex\tex\latex\caption\caption.sty"
Package: caption 2016/02/21 v3.3-144 Customizing captions (AR)

("E:\Program Files\MikTex\tex\latex\caption\caption3.sty"
Package: caption3 2016/05/22 v1.7-166 caption3 kernel (AR)
Package caption3 Info: TeX engine: e-TeX on input line 67.
\captionmargin=\dimen271
\captionmargin@=\dimen272
\captionwidth=\dimen273
\caption@tempdima=\dimen274
\caption@indent=\dimen275
\caption@parindent=\dimen276
\caption@hangindent=\dimen277
)
\c@ContinuedFloat=\count191
)
("E:\Program Files\MikTex\tex\latex\tools\longtable.sty"
Package: longtable 2014/10/28 v4.11 Multi-page Table package (DPC)
\LTleft=\skip61
\LTright=\skip62
\LTpre=\skip63
\LTpost=\skip64
\LTchunksize=\count192
\LTcapwidth=\dimen278
\LT@head=\box55
\LT@firsthead=\box56
\LT@foot=\box57
\LT@lastfoot=\box58
\LT@cols=\count193
\LT@rows=\count194
\c@LT@tables=\count195
\c@LT@chunks=\count196
\LT@p@ftn=\toks35
)
.................................................
. LaTeX info: "xparse/define-environment"
. 
. Defining environment 'pdtable' with sig. 'O{!ht}O{raggedright}mm' on line
. 20.
.................................................
)))
(prodrive/package/pddocumenthistory.sty
Package: prodrive/package/pddocumenthistory 
 (prodrive/package/pdtabularx.sty
Package: prodrive/package/pdtabularx 

("E:\Program Files\MikTex\tex\latex\tools\tabularx.sty"
Package: tabularx 2016/02/03 v2.11 `tabularx' package (DPC)

("E:\Program Files\MikTex\tex\latex\tools\array.sty"
Package: array 2016/10/06 v2.4d Tabular extension package (FMi)
\col@sep=\dimen279
\extrarowheight=\dimen280
\NC@list=\toks36
\extratabsurround=\skip65
\backup@length=\skip66
)
\TX@col@width=\dimen281
\TX@old@table=\dimen282
\TX@old@col=\dimen283
\TX@target=\dimen284
\TX@delta=\dimen285
\TX@cols=\count197
\TX@ftn=\toks37
)
("E:\Program Files\MikTex\tex\latex\environ\environ.sty"
Package: environ 2014/05/04 v0.3 A new way to define environments

("E:\Program Files\MikTex\tex\latex\trimspaces\trimspaces.sty"
Package: trimspaces 2009/09/17 v1.1 Trim spaces around a token list
)
\@envbody=\toks38
))
("E:\Program Files\MikTex\tex\latex\xifthen\xifthen.sty"
Package: xifthen 2015/11/05 v1.4.0 Extended ifthen features

("E:\Program Files\MikTex\tex\latex\tools\calc.sty"
Package: calc 2014/10/28 v4.3 Infix arithmetic (KKT,FJ)
\calc@Acount=\count198
\calc@Bcount=\count199
\calc@Adimen=\dimen286
\calc@Bdimen=\dimen287
\calc@Askip=\skip67
\calc@Bskip=\skip68
LaTeX Info: Redefining \setlength on input line 80.
LaTeX Info: Redefining \addtolength on input line 81.
\calc@Ccount=\count266
\calc@Cskip=\skip69
)
("E:\Program Files\MikTex\tex\latex\ifmtarg\ifmtarg.sty"
Package: ifmtarg 2009/09/02 v1.2a check for an empty argument
))
\c@pddocumenthistorycount=\count267
)
(prodrive/package/pdfigure.sty
Package: prodrive/package/pdfigure 

("E:\Program Files\MikTex\tex\latex\float\float.sty"
Package: float 2001/11/08 v1.3d Float enhancements (AL)
\c@float@type=\count268
\float@exts=\toks39
\float@box=\box59
\@float@everytoks=\toks40
\@floatcapt=\box60
)
("E:\Program Files\MikTex\tex\generic\pgf\frontendlayer\tikz\libraries\tikzlibr
aryshapes.code.tex"
File: tikzlibraryshapes.code.tex 2008/01/09 v3.0.1a (rcs-revision 1.1)

("E:\Program Files\MikTex\tex\generic\pgf\frontendlayer\tikz\libraries\tikzlibr
aryshapes.geometric.code.tex"
File: tikzlibraryshapes.geometric.code.tex 2008/01/09 v3.0.1a (rcs-revision 1.1
)

("E:\Program Files\MikTex\tex\generic\pgf\libraries\shapes\pgflibraryshapes.geo
metric.code.tex"
File: pgflibraryshapes.geometric.code.tex 2008/06/26 v3.0.1a (rcs-revision 1.1)

))
("E:\Program Files\MikTex\tex\generic\pgf\frontendlayer\tikz\libraries\tikzlibr
aryshapes.misc.code.tex"
File: tikzlibraryshapes.misc.code.tex 2008/01/09 v3.0.1a (rcs-revision 1.1)

("E:\Program Files\MikTex\tex\generic\pgf\libraries\shapes\pgflibraryshapes.mis
c.code.tex"
File: pgflibraryshapes.misc.code.tex 2013/07/18 v3.0.1a (rcs-revision 1.5)
))
("E:\Program Files\MikTex\tex\generic\pgf\frontendlayer\tikz\libraries\tikzlibr
aryshapes.symbols.code.tex"
File: tikzlibraryshapes.symbols.code.tex 2008/01/09 v3.0.1a (rcs-revision 1.1)

("E:\Program Files\MikTex\tex\generic\pgf\libraries\shapes\pgflibraryshapes.sym
bols.code.tex"
File: pgflibraryshapes.symbols.code.tex 2013/09/11 v3.0.1a (rcs-revision 1.6)
))
("E:\Program Files\MikTex\tex\generic\pgf\frontendlayer\tikz\libraries\tikzlibr
aryshapes.arrows.code.tex"
File: tikzlibraryshapes.arrows.code.tex 2008/01/09 v3.0.1a (rcs-revision 1.1)

("E:\Program Files\MikTex\tex\generic\pgf\libraries\shapes\pgflibraryshapes.arr
ows.code.tex"
File: pgflibraryshapes.arrows.code.tex 2008/06/26 v3.0.1a (rcs-revision 1.1)
))
("E:\Program Files\MikTex\tex\generic\pgf\frontendlayer\tikz\libraries\tikzlibr
aryshapes.callouts.code.tex"
("E:\Program Files\MikTex\tex\generic\pgf\libraries\shapes\pgflibraryshapes.cal
louts.code.tex"))
("E:\Program Files\MikTex\tex\generic\pgf\frontendlayer\tikz\libraries\tikzlibr
aryshapes.multipart.code.tex"
File: tikzlibraryshapes.multipart.code.tex 2008/01/09 v3.0.1a (rcs-revision 1.1
)

("E:\Program Files\MikTex\tex\generic\pgf\libraries\shapes\pgflibraryshapes.mul
tipart.code.tex"
File: pgflibraryshapes.multipart.code.tex 2010/01/07 v3.0.1a (rcs-revision 1.2)

\pgfnodepartlowerbox=\box61
\pgfnodeparttwobox=\box62
\pgfnodepartthreebox=\box63
\pgfnodepartfourbox=\box64
\pgfnodeparttwentybox=\box65
\pgfnodepartnineteenbox=\box66
\pgfnodeparteighteenbox=\box67
\pgfnodepartseventeenbox=\box68
\pgfnodepartsixteenbox=\box69
\pgfnodepartfifteenbox=\box70
\pgfnodepartfourteenbox=\box71
\pgfnodepartthirteenbox=\box72
\pgfnodeparttwelvebox=\box73
\pgfnodepartelevenbox=\box74
\pgfnodeparttenbox=\box75
\pgfnodepartninebox=\box76
\pgfnodeparteightbox=\box77
\pgfnodepartsevenbox=\box78
\pgfnodepartsixbox=\box79
\pgfnodepartfivebox=\box80
)))
("E:\Program Files\MikTex\tex\generic\pgf\frontendlayer\tikz\libraries\tikzlibr
arydecorations.code.tex"
("E:\Program Files\MikTex\tex\generic\pgf\modules\pgfmoduledecorations.code.tex
"
\pgfdecoratedcompleteddistance=\dimen288
\pgfdecoratedremainingdistance=\dimen289
\pgfdecoratedinputsegmentcompleteddistance=\dimen290
\pgfdecoratedinputsegmentremainingdistance=\dimen291
\pgf@decorate@distancetomove=\dimen292
\pgf@decorate@repeatstate=\count269
\pgfdecorationsegmentamplitude=\dimen293
\pgfdecorationsegmentlength=\dimen294
)
\tikz@lib@dec@box=\box81
)
("E:\Program Files\MikTex\tex\generic\pgf\frontendlayer\tikz\libraries\tikzlibr
aryarrows.code.tex"
File: tikzlibraryarrows.code.tex 2008/01/09 v3.0.1a (rcs-revision 1.1)

("E:\Program Files\MikTex\tex\generic\pgf\libraries\pgflibraryarrows.code.tex"
File: pgflibraryarrows.code.tex 2013/09/23 v3.0.1a (rcs-revision 1.16)
\arrowsize=\dimen295
))
("E:\Program Files\MikTex\tex\generic\pgf\frontendlayer\tikz\libraries\tikzlibr
arychains.code.tex"
File: tikzlibrarychains.code.tex 2013/07/15 v3.0.1a (rcs-revision 1.6)

("E:\Program Files\MikTex\tex\generic\pgf\frontendlayer\tikz\libraries\tikzlibr
arypositioning.code.tex"
File: tikzlibrarypositioning.code.tex 2008/10/06 v3.0.1a (rcs-revision 1.7)
))
("E:\Program Files\MikTex\tex\generic\pgf\frontendlayer\tikz\libraries\tikzlibr
arycalc.code.tex"
File: tikzlibrarycalc.code.tex 2013/07/15 v3.0.1a (rcs-revision 1.9)
)
.................................................
. LaTeX info: "xparse/define-environment"
. 
. Defining environment 'pdfigure' with sig. 'O{!ht}O{raggedright}' on line 23.
.................................................
) (prodrive/package/pdfunction.sty
Package: prodrive/package/pdfunction 

("E:\Program Files\MikTex\tex\latex\listings\listings.sty"
\lst@mode=\count270
\lst@gtempboxa=\box82
\lst@token=\toks41
\lst@length=\count271
\lst@currlwidth=\dimen296
\lst@column=\count272
\lst@pos=\count273
\lst@lostspace=\dimen297
\lst@width=\dimen298
\lst@newlines=\count274
\lst@lineno=\count275
\lst@maxwidth=\dimen299

("E:\Program Files\MikTex\tex\latex\listings\lstmisc.sty"
File: lstmisc.sty 2015/06/04 1.6 (Carsten Heinz)
\c@lstnumber=\count276
\lst@skipnumbers=\count277
\lst@framebox=\box83
)
("E:\Program Files\MikTex\tex\latex\listings\listings.cfg"
File: listings.cfg 2015/06/04 1.6 listings configuration
))
Package: listings 2015/06/04 1.6 (Carsten Heinz)

("E:\Program Files\MikTex\tex\latex\colortbl\colortbl.sty"
Package: colortbl 2012/02/13 v1.0a Color table columns (DPC)
\everycr=\toks42
\minrowclearance=\skip70
)
\c@pdfunctionargincount=\count278
\c@pdfunctionargoutcount=\count279
\c@pdfunctionreturncount=\count280
\c@pdfunctionthrowcount=\count281
\c@pdfunctionrunerrorcount=\count282
\c@pdfunctioncompletecount=\count283
)
(prodrive/package/pdfont.sty
Package: prodrive/package/pdfont 

("E:\Program Files\MikTex\tex\latex\base\fontenc.sty"
Package: fontenc 2017/01/24 v2.0c Standard LaTeX package

("E:\Program Files\MikTex\tex\latex\base\t1enc.def"
File: t1enc.def 2017/01/24 v2.0c Standard LaTeX file
LaTeX Font Info:    Redeclaring font encoding T1 on input line 48.
))
("E:\Program Files\MikTex\tex\latex\psnfss\helvet.sty"
Package: helvet 2005/04/12 PSNFSS-v9.2a (WaS) 
))
(prodrive/package/pdheading.sty
Package: prodrive/package/pdheading 

("E:\Program Files\MikTex\tex\latex\titlesec\ttlkeys.def"
File: ttlkeys.def 2016/03/15
))
(prodrive/package/pdissue.sty
Package: prodrive/package/pdissue 
) (prodrive/package/pdlandscape.sty
Package: prodrive/package/pdlandscape 

("E:\Program Files\MikTex\tex\latex\oberdiek\pdflscape.sty"
Package: pdflscape 2016/05/14 v0.11 Display of landscape pages in PDF (HO)

("E:\Program Files\MikTex\tex\latex\graphics\lscape.sty"
Package: lscape 2000/10/22 v3.01 Landscape Pages (DPC)
)
Package pdflscape Info: Auto-detected driver: pdftex on input line 81.
)
.................................................
. LaTeX info: "xparse/define-environment"
. 
. Defining environment 'pdlandscape' with sig. '' on line 13.
.................................................
)
(prodrive/package/pdlinenumber.sty
Package: prodrive/package/pdlinenumber 
) (prodrive/package/pdlist.sty
Package: prodrive/package/pdlist 

("E:\Program Files\MikTex\tex\latex\enumitem\enumitem.sty"
Package: enumitem 2011/09/28 v3.5.2 Customized lists
\labelindent=\skip71
\enit@outerparindent=\dimen300
\enit@toks=\toks43
\enit@inbox=\box84
\enitdp@description=\count284
)
("E:\Program Files\MikTex\tex\latex\amsfonts\amssymb.sty"
Package: amssymb 2013/01/14 v3.01 AMS font symbols

("E:\Program Files\MikTex\tex\latex\amsfonts\amsfonts.sty"
Package: amsfonts 2013/01/14 v3.01 Basic AMSFonts support
\symAMSa=\mathgroup4
\symAMSb=\mathgroup5
LaTeX Font Info:    Overwriting math alphabet `\mathfrak' in version `bold'
(Font)                  U/euf/m/n --> U/euf/b/n on input line 106.
))
("E:\Program Files\MikTex\tex\latex\mnsymbol\MnSymbol.sty"
Package: MnSymbol 2007/01/21 v1.4 support for the MnSymbol font

("E:\Program Files\MikTex\tex\latex\amsmath\amsmath.sty"
Package: amsmath 2016/11/05 v2.16a AMS math features
\@mathmargin=\skip72

For additional information on amsmath, use the `?' option.
("E:\Program Files\MikTex\tex\latex\amsmath\amstext.sty"
Package: amstext 2000/06/29 v2.01 AMS text
)
("E:\Program Files\MikTex\tex\latex\amsmath\amsbsy.sty"
Package: amsbsy 1999/11/29 v1.2d Bold Symbols
\pmbraise@=\dimen301
)
("E:\Program Files\MikTex\tex\latex\amsmath\amsopn.sty"
Package: amsopn 2016/03/08 v2.02 operator names
)
\inf@bad=\count285
LaTeX Info: Redefining \frac on input line 213.
\uproot@=\count286
\leftroot@=\count287
LaTeX Info: Redefining \overline on input line 375.
\classnum@=\count288
\DOTSCASE@=\count289
LaTeX Info: Redefining \ldots on input line 472.
LaTeX Info: Redefining \dots on input line 475.
LaTeX Info: Redefining \cdots on input line 596.
\Mathstrutbox@=\box85
\strutbox@=\box86
\big@size=\dimen302
LaTeX Font Info:    Redeclaring font encoding OML on input line 712.
LaTeX Font Info:    Redeclaring font encoding OMS on input line 713.
\macc@depth=\count290
\c@MaxMatrixCols=\count291
\dotsspace@=\muskip16
\c@parentequation=\count292
\dspbrk@lvl=\count293
\tag@help=\toks44
\row@=\count294
\column@=\count295
\maxfields@=\count296
\andhelp@=\toks45
\eqnshift@=\dimen303
\alignsep@=\dimen304
\tagshift@=\dimen305
\tagwidth@=\dimen306
\totwidth@=\dimen307
\lineht@=\dimen308
\@envbody=\toks46
\multlinegap=\skip73
\multlinetaggap=\skip74
\mathdisplay@stack=\toks47
LaTeX Info: Redefining \[ on input line 2817.
LaTeX Info: Redefining \] on input line 2818.
)
("E:\Program Files\MikTex\tex\latex\base\textcomp.sty"
Package: textcomp 2017/01/24 v2.0c Standard LaTeX package
Package textcomp Info: Sub-encoding information:
(textcomp)               5 = only ISO-Adobe without \textcurrency
(textcomp)               4 = 5 + \texteuro
(textcomp)               3 = 4 + \textohm
(textcomp)               2 = 3 + \textestimated + \textcurrency
(textcomp)               1 = TS1 - \textcircled - \t
(textcomp)               0 = TS1 (full)
(textcomp)             Font families with sub-encoding setting implement
(textcomp)             only a restricted character set as indicated.
(textcomp)             Family '?' is the default used for unknown fonts.
(textcomp)             See the documentation for details.
Package textcomp Info: Setting ? sub-encoding to TS1/1 on input line 79.

("E:\Program Files\MikTex\tex\latex\base\ts1enc.def"
File: ts1enc.def 2001/06/05 v3.0e (jk/car/fm) Standard LaTeX file
)
LaTeX Info: Redefining \oldstylenums on input line 334.
Package textcomp Info: Setting cmr sub-encoding to TS1/0 on input line 349.
Package textcomp Info: Setting cmss sub-encoding to TS1/0 on input line 350.
Package textcomp Info: Setting cmtt sub-encoding to TS1/0 on input line 351.
Package textcomp Info: Setting cmvtt sub-encoding to TS1/0 on input line 352.
Package textcomp Info: Setting cmbr sub-encoding to TS1/0 on input line 353.
Package textcomp Info: Setting cmtl sub-encoding to TS1/0 on input line 354.
Package textcomp Info: Setting ccr sub-encoding to TS1/0 on input line 355.
Package textcomp Info: Setting ptm sub-encoding to TS1/4 on input line 356.
Package textcomp Info: Setting pcr sub-encoding to TS1/4 on input line 357.
Package textcomp Info: Setting phv sub-encoding to TS1/4 on input line 358.
Package textcomp Info: Setting ppl sub-encoding to TS1/3 on input line 359.
Package textcomp Info: Setting pag sub-encoding to TS1/4 on input line 360.
Package textcomp Info: Setting pbk sub-encoding to TS1/4 on input line 361.
Package textcomp Info: Setting pnc sub-encoding to TS1/4 on input line 362.
Package textcomp Info: Setting pzc sub-encoding to TS1/4 on input line 363.
Package textcomp Info: Setting bch sub-encoding to TS1/4 on input line 364.
Package textcomp Info: Setting put sub-encoding to TS1/5 on input line 365.
Package textcomp Info: Setting uag sub-encoding to TS1/5 on input line 366.
Package textcomp Info: Setting ugq sub-encoding to TS1/5 on input line 367.
Package textcomp Info: Setting ul8 sub-encoding to TS1/4 on input line 368.
Package textcomp Info: Setting ul9 sub-encoding to TS1/4 on input line 369.
Package textcomp Info: Setting augie sub-encoding to TS1/5 on input line 370.
Package textcomp Info: Setting dayrom sub-encoding to TS1/3 on input line 371.
Package textcomp Info: Setting dayroms sub-encoding to TS1/3 on input line 372.

Package textcomp Info: Setting pxr sub-encoding to TS1/0 on input line 373.
Package textcomp Info: Setting pxss sub-encoding to TS1/0 on input line 374.
Package textcomp Info: Setting pxtt sub-encoding to TS1/0 on input line 375.
Package textcomp Info: Setting txr sub-encoding to TS1/0 on input line 376.
Package textcomp Info: Setting txss sub-encoding to TS1/0 on input line 377.
Package textcomp Info: Setting txtt sub-encoding to TS1/0 on input line 378.
Package textcomp Info: Setting lmr sub-encoding to TS1/0 on input line 379.
Package textcomp Info: Setting lmdh sub-encoding to TS1/0 on input line 380.
Package textcomp Info: Setting lmss sub-encoding to TS1/0 on input line 381.
Package textcomp Info: Setting lmssq sub-encoding to TS1/0 on input line 382.
Package textcomp Info: Setting lmvtt sub-encoding to TS1/0 on input line 383.
Package textcomp Info: Setting lmtt sub-encoding to TS1/0 on input line 384.
Package textcomp Info: Setting qhv sub-encoding to TS1/0 on input line 385.
Package textcomp Info: Setting qag sub-encoding to TS1/0 on input line 386.
Package textcomp Info: Setting qbk sub-encoding to TS1/0 on input line 387.
Package textcomp Info: Setting qcr sub-encoding to TS1/0 on input line 388.
Package textcomp Info: Setting qcs sub-encoding to TS1/0 on input line 389.
Package textcomp Info: Setting qpl sub-encoding to TS1/0 on input line 390.
Package textcomp Info: Setting qtm sub-encoding to TS1/0 on input line 391.
Package textcomp Info: Setting qzc sub-encoding to TS1/0 on input line 392.
Package textcomp Info: Setting qhvc sub-encoding to TS1/0 on input line 393.
Package textcomp Info: Setting futs sub-encoding to TS1/4 on input line 394.
Package textcomp Info: Setting futx sub-encoding to TS1/4 on input line 395.
Package textcomp Info: Setting futj sub-encoding to TS1/4 on input line 396.
Package textcomp Info: Setting hlh sub-encoding to TS1/3 on input line 397.
Package textcomp Info: Setting hls sub-encoding to TS1/3 on input line 398.
Package textcomp Info: Setting hlst sub-encoding to TS1/3 on input line 399.
Package textcomp Info: Setting hlct sub-encoding to TS1/5 on input line 400.
Package textcomp Info: Setting hlx sub-encoding to TS1/5 on input line 401.
Package textcomp Info: Setting hlce sub-encoding to TS1/5 on input line 402.
Package textcomp Info: Setting hlcn sub-encoding to TS1/5 on input line 403.
Package textcomp Info: Setting hlcw sub-encoding to TS1/5 on input line 404.
Package textcomp Info: Setting hlcf sub-encoding to TS1/5 on input line 405.
Package textcomp Info: Setting pplx sub-encoding to TS1/3 on input line 406.
Package textcomp Info: Setting pplj sub-encoding to TS1/3 on input line 407.
Package textcomp Info: Setting ptmx sub-encoding to TS1/4 on input line 408.
Package textcomp Info: Setting ptmj sub-encoding to TS1/4 on input line 409.
)
LaTeX Info: Redefining \dagger on input line 84.
LaTeX Info: Redefining \ddagger on input line 84.
LaTeX Info: Redefining \mathparagraph on input line 84.
LaTeX Info: Redefining \mathsection on input line 84.
LaTeX Info: Redefining \mathdollar on input line 84.
LaTeX Info: Redefining \mathsterling on input line 84.
LaTeX Info: Redefining \yen on input line 84.
LaTeX Info: Redefining \circledR on input line 84.
LaTeX Info: Redefining \circledS on input line 84.
LaTeX Info: Redefining \Re on input line 84.
LaTeX Info: Redefining \Im on input line 84.
LaTeX Info: Redefining \dotplus on input line 84.
LaTeX Info: Redefining \thicksim on input line 84.
LaTeX Info: Redefining \thickapprox on input line 84.
LaTeX Info: Redefining \veebar on input line 84.
LaTeX Info: Redefining \barwedge on input line 84.
LaTeX Info: Redefining \doublebarwedge on input line 84.
LaTeX Info: Redefining \centerdot on input line 84.
LaTeX Info: Redefining \divideontimes on input line 84.
\symMnSyA=\mathgroup6
\symMnSyB=\mathgroup7
\symMnSyC=\mathgroup8
\symMnSyD=\mathgroup9
LaTeX Font Info:    Redeclaring symbol font `largesymbols' on input line 119.
LaTeX Font Info:    Overwriting symbol font `largesymbols' in version `normal'
(Font)                  OMX/cmex/m/n --> OMX/MnSymbolE/m/n on input line 119.
LaTeX Font Info:    Overwriting symbol font `largesymbols' in version `bold'
(Font)                  OMX/cmex/m/n --> OMX/MnSymbolE/m/n on input line 119.
LaTeX Font Info:    Redeclaring symbol font `symbols' on input line 120.
LaTeX Font Info:    Encoding `OMS' has changed to `U' for symbol font
(Font)              `symbols' in the math version `normal' on input line 120.
LaTeX Font Info:    Overwriting symbol font `symbols' in version `normal'
(Font)                  OMS/cmsy/m/n --> U/MnSymbolF/m/n on input line 120.
LaTeX Font Info:    Encoding `OMS' has changed to `U' for symbol font
(Font)              `symbols' in the math version `bold' on input line 120.
LaTeX Font Info:    Overwriting symbol font `symbols' in version `bold'
(Font)                  OMS/cmsy/b/n --> U/MnSymbolF/m/n on input line 120.
LaTeX Font Info:    Overwriting symbol font `MnSyA' in version `bold'
(Font)                  U/MnSymbolA/m/n --> U/MnSymbolA/b/n on input line 121.
LaTeX Font Info:    Overwriting symbol font `MnSyB' in version `bold'
(Font)                  U/MnSymbolB/m/n --> U/MnSymbolB/b/n on input line 122.
LaTeX Font Info:    Overwriting symbol font `MnSyC' in version `bold'
(Font)                  U/MnSymbolC/m/n --> U/MnSymbolC/b/n on input line 123.
LaTeX Font Info:    Overwriting symbol font `MnSyD' in version `bold'
(Font)                  U/MnSymbolD/m/n --> U/MnSymbolD/b/n on input line 124.
LaTeX Font Info:    Overwriting symbol font `largesymbols' in version `bold'
(Font)                  OMX/MnSymbolE/m/n --> OMX/MnSymbolE/b/n on input line 1
25.
LaTeX Font Info:    Overwriting symbol font `symbols' in version `bold'
(Font)                  U/MnSymbolF/m/n --> U/MnSymbolF/b/n on input line 126.
LaTeX Font Info:    Redeclaring math alphabet \mathcal on input line 241.
LaTeX Font Info:    Overwriting math alphabet `\mathcal' in version `bold'
(Font)                  OMS/MnSymbolS/m/n --> OMS/MnSymbolS/b/n on input line 2
41.
LaTeX Info: Redefining \longrightarrow on input line 548.
LaTeX Info: Redefining \longleftarrow on input line 549.
LaTeX Info: Redefining \longleftrightarrow on input line 550.
LaTeX Info: Redefining \Longrightarrow on input line 551.
LaTeX Info: Redefining \Longleftarrow on input line 552.
LaTeX Info: Redefining \Longleftrightarrow on input line 553.
LaTeX Info: Redefining \longmapsto on input line 554.
LaTeX Info: Redefining \vdots on input line 868.
LaTeX Font Info:    Redeclaring math symbol \braceld on input line 1721.
LaTeX Font Info:    Redeclaring math symbol \bracelu on input line 1722.
LaTeX Font Info:    Redeclaring math symbol \bracerd on input line 1723.
LaTeX Font Info:    Redeclaring math symbol \braceru on input line 1724.
LaTeX Info: Redefining \downbracefill on input line 1799.
LaTeX Info: Redefining \upbracefill on input line 1800.
LaTeX Info: Redefining \overbrace on input line 1819.
LaTeX Info: Redefining \underbrace on input line 1820.
LaTeX Info: Redefining \surd on input line 1843.
LaTeX Font Info:    Redeclaring math accent \widehat on input line 1845.
LaTeX Font Info:    Redeclaring math accent \widetilde on input line 1846.
LaTeX Font Info:    Redeclaring math accent \vec on input line 1848.
)
.................................................
. LaTeX info: "xparse/define-environment"
. 
. Defining environment 'pditemize' with sig. '' on line 14.
.................................................
.................................................
. LaTeX info: "xparse/define-environment"
. 
. Defining environment 'pdenumerate' with sig. '' on line 31.
.................................................
.................................................
. LaTeX info: "xparse/define-environment"
. 
. Defining environment 'pddescription' with sig. '' on line 48.
.................................................
)
(prodrive/package/pdlisting.sty
Package: prodrive/package/pdlisting 
) (prodrive/package/pdlongtable.sty
Package: prodrive/package/pdlongtable 

(prodrive/package/pdtool.sty
Package: prodrive/package/pdtool 
)) (prodrive/package/pdmarking.sty
Package: prodrive/package/pdmarking 

("E:\Program Files\MikTex\tex\latex\soul\soul.sty"
Package: soul 2003/11/17 v2.4 letterspacing/underlining (mf)
\SOUL@word=\toks48
\SOUL@lasttoken=\toks49
\SOUL@cmds=\toks50
\SOUL@buffer=\toks51
\SOUL@token=\toks52
\SOUL@spaceskip=\skip75
\SOUL@ttwidth=\dimen309
\SOUL@uldp=\dimen310
\SOUL@ulht=\dimen311
))
(prodrive/package/pdreference.sty
Package: prodrive/package/pdreference 
 (prodrive/package/pdtext.sty
Package: prodrive/package/pdtext 

("E:\Program Files\MikTex\tex\latex\ulem\ulem.sty"
\UL@box=\box87
\UL@hyphenbox=\box88
\UL@skip=\skip76
\UL@hook=\toks53
\UL@height=\dimen312
\UL@pe=\count297
\UL@pixel=\dimen313
\ULC@box=\box89
Package: ulem 2012/05/18
\ULdepth=\dimen314
)
("E:\Program Files\MikTex\tex\latex\microtype\microtype.sty"
Package: microtype 2016/05/14 v2.6a Micro-typographical refinements (RS)
\MT@toks=\toks54
\MT@count=\count298
LaTeX Info: Redefining \textls on input line 774.
\MT@outer@kern=\dimen315
LaTeX Info: Redefining \textmicrotypecontext on input line 1310.
\MT@listname@count=\count299

("E:\Program Files\MikTex\tex\latex\microtype\microtype-pdftex.def"
File: microtype-pdftex.def 2016/05/14 v2.6a Definitions specific to pdftex (RS)

LaTeX Info: Redefining \lsstyle on input line 916.
LaTeX Info: Redefining \lslig on input line 916.
\MT@outer@space=\skip77
)
Package microtype Info: Loading configuration file microtype.cfg.

("E:\Program Files\MikTex\tex\latex\microtype\microtype.cfg"
File: microtype.cfg 2016/05/14 v2.6a microtype main configuration file (RS)
)))
("E:\Program Files\MikTex\tex\latex\pdfcomment\pdfcomment.sty"
Package: pdfcomment 2016/06/13 pdfcomment.sty v2.4 - Josef Kleber (C) 2008-2012
, 2015-2016
\c@pc@count@i=\count300
\c@pc@count@ii=\count301
\c@pc@count@iii=\count302
\c@pc@count@iv=\count303
\pc@mathannot@box=\box90
\pc@nullbox=\box91
\pc@dima=\skip78
\pc@dimb=\skip79
\pc@Sposx=\skip80
\pc@Sposy=\skip81
\pc@Eposx=\skip82
\pc@Eposy=\skip83
\pc@column=\skip84
\pc@box@width=\skip85
\pc@box@height=\skip86
\pc@box@depth=\skip87

("E:\Program Files\MikTex\tex\latex\datetime2\datetime2.sty"
Package: datetime2 2016/07/12 v1.5.2 (NLCT) date and time formats

("E:\Program Files\MikTex\tex\latex\tracklang\tracklang.sty"
Package: tracklang 2017/03/25 v1.3.4 (NLCT) Track Languages

("E:\Program Files\MikTex\tex\generic\tracklang\tracklang.tex"))
("E:\Program Files\MikTex\tex\latex\datetime2-english\datetime2-english.ldf"
File: datetime2-english.ldf 2016/03/09 v1.04 (NLCT)

("E:\Program Files\MikTex\tex\latex\datetime2-english\datetime2-english-base.ld
f"
File: datetime2-english-base.ldf 2016/03/09 v1.04 (NLCT)
))) ("E:\Program Files\MikTex\tex\latex\oberdiek\zref-savepos.sty"
Package: zref-savepos 2016/05/21 v2.26 Module savepos for zref (HO)

("E:\Program Files\MikTex\tex\latex\oberdiek\zref-base.sty"
Package: zref-base 2016/05/21 v2.26 Module base for zref (HO)

("E:\Program Files\MikTex\tex\generic\oberdiek\kvsetkeys.sty"
Package: kvsetkeys 2016/05/16 v1.17 Key value parser (HO)

("E:\Program Files\MikTex\tex\generic\oberdiek\etexcmds.sty"
Package: etexcmds 2016/05/16 v1.6 Avoid name clashes with e-TeX commands (HO)

("E:\Program Files\MikTex\tex\generic\oberdiek\ifluatex.sty"
Package: ifluatex 2016/05/16 v1.4 Provides the ifluatex switch (HO)
Package ifluatex Info: LuaTeX not detected.
)
Package etexcmds Info: Could not find \expanded.
(etexcmds)             That can mean that you are not using pdfTeX 1.50 or
(etexcmds)             that some package has redefined \expanded.
(etexcmds)             In the latter case, load this package earlier.
))
("E:\Program Files\MikTex\tex\generic\oberdiek\kvdefinekeys.sty"
Package: kvdefinekeys 2016/05/16 v1.4 Define keys (HO)
)
("E:\Program Files\MikTex\tex\generic\oberdiek\pdftexcmds.sty"
Package: pdftexcmds 2016/05/21 v0.22 Utility functions of pdfTeX for LuaTeX (HO
)
Package pdftexcmds Info: LuaTeX not detected.
Package pdftexcmds Info: \pdf@primitive is available.
Package pdftexcmds Info: \pdf@ifprimitive is available.
Package pdftexcmds Info: \pdfdraftmode found.
)
("E:\Program Files\MikTex\tex\latex\oberdiek\auxhook.sty"
Package: auxhook 2016/05/16 v1.4 Hooks for auxiliary files (HO)
)
Package zref Info: New property list: main on input line 759.
Package zref Info: New property: default on input line 760.
Package zref Info: New property: page on input line 761.
)
Package zref Info: New property list: savepos on input line 80.
Package zref Info: New property: posx on input line 81.
Package zref Info: New property: posy on input line 82.
)
\c@zref@unique=\count304

("E:\Program Files\MikTex\tex\latex\oberdiek\refcount.sty"
Package: refcount 2016/05/16 v3.5 Data extraction from label references (HO)
)
("E:\Program Files\MikTex\tex\latex\marginnote\marginnote.sty"
Package: marginnote 2017/04/22 v1.2b non floating margin notes for LaTeX
\c@mn@abspage=\count305
)
("E:\Program Files\MikTex\tex\latex\bezos\soulpos.sty"
Package: soulpos 2012/02/25 v1.0 Fancy underlining
\ulp@subcnt=\count306
\ulp@cnt=\count307
\ulp@out=\write4
\ulp@in=\read2
\ulwidth=\dimen316
)
("E:\Program Files\MikTex\tex\latex\hyperref\hyperref.sty"
Package: hyperref 2016/06/24 v6.83q Hypertext links for LaTeX

("E:\Program Files\MikTex\tex\generic\oberdiek\hobsub-hyperref.sty"
Package: hobsub-hyperref 2016/05/16 v1.14 Bundle oberdiek, subset hyperref (HO)


("E:\Program Files\MikTex\tex\generic\oberdiek\hobsub-generic.sty"
Package: hobsub-generic 2016/05/16 v1.14 Bundle oberdiek, subset generic (HO)
Package: hobsub 2016/05/16 v1.14 Construct package bundles (HO)
Package hobsub Info: Skipping package `infwarerr' (already loaded).
Package hobsub Info: Skipping package `ltxcmds' (already loaded).
Package hobsub Info: Skipping package `ifluatex' (already loaded).
Package hobsub Info: Skipping package `ifvtex' (already loaded).
Package: intcalc 2016/05/16 v1.2 Expandable calculations with integers (HO)
Package hobsub Info: Skipping package `ifpdf' (already loaded).
Package hobsub Info: Skipping package `etexcmds' (already loaded).
Package hobsub Info: Skipping package `kvsetkeys' (already loaded).
Package hobsub Info: Skipping package `kvdefinekeys' (already loaded).
Package hobsub Info: Skipping package `pdftexcmds' (already loaded).
Package: pdfescape 2016/05/16 v1.14 Implements pdfTeX's escape features (HO)
Package: bigintcalc 2016/05/16 v1.4 Expandable calculations on big integers (HO
)
Package: bitset 2016/05/16 v1.2 Handle bit-vector datatype (HO)
Package: uniquecounter 2016/05/16 v1.3 Provide unlimited unique counter (HO)
)
Package hobsub Info: Skipping package `hobsub' (already loaded).
Package: letltxmacro 2016/05/16 v1.5 Let assignment for LaTeX macros (HO)
Package: hopatch 2016/05/16 v1.3 Wrapper for package hooks (HO)
Package: xcolor-patch 2016/05/16 xcolor patch
Package: atveryend 2016/05/16 v1.9 Hooks at the very end of document (HO)
Package: atbegshi 2016/06/09 v1.18 At begin shipout hook (HO)
Package hobsub Info: Skipping package `refcount' (already loaded).
Package: hycolor 2016/05/16 v1.8 Color options for hyperref/bookmark (HO)
)
("E:\Program Files\MikTex\tex\latex\oberdiek\kvoptions.sty"
Package: kvoptions 2016/05/16 v3.12 Key value format for package options (HO)
)
\@linkdim=\dimen317
\Hy@linkcounter=\count308
\Hy@pagecounter=\count309

("E:\Program Files\MikTex\tex\latex\hyperref\pd1enc.def"
File: pd1enc.def 2016/06/24 v6.83q Hyperref: PDFDocEncoding definition (HO)
)
\Hy@SavedSpaceFactor=\count310

("E:\Program Files\MikTex\tex\latex\00miktex\hyperref.cfg"
File: hyperref.cfg 2002/06/06 v1.2 hyperref configuration of TeXLive
)
Package hyperref Info: Option `unicode' set `true' on input line 4362.

("E:\Program Files\MikTex\tex\latex\hyperref\puenc.def"
File: puenc.def 2016/06/24 v6.83q Hyperref: PDF Unicode definition (HO)
)
("E:\Program Files\MikTex\tex\generic\oberdiek\stringenc.sty"
Package: stringenc 2016/05/16 v1.11 Convert strings between diff. encodings (HO
)
)
Package hyperref Info: Hyper figures OFF on input line 4486.
Package hyperref Info: Link nesting OFF on input line 4491.
Package hyperref Info: Hyper index ON on input line 4494.
Package hyperref Info: Plain pages OFF on input line 4501.
Package hyperref Info: Backreferencing OFF on input line 4506.
Package hyperref Info: Implicit mode ON; LaTeX internals redefined.
Package hyperref Info: Bookmarks ON on input line 4735.
\c@Hy@tempcnt=\count311

("E:\Program Files\MikTex\tex\latex\url\url.sty"
\Urlmuskip=\muskip17
Package: url 2013/09/16  ver 3.4  Verb mode for urls, etc.
)
LaTeX Info: Redefining \url on input line 5088.
\XeTeXLinkMargin=\dimen318
\Fld@menulength=\count312
\Field@Width=\dimen319
\Fld@charsize=\dimen320
Package hyperref Info: Hyper figures OFF on input line 6342.
Package hyperref Info: Link nesting OFF on input line 6347.
Package hyperref Info: Hyper index ON on input line 6350.
Package hyperref Info: backreferencing OFF on input line 6357.
Package hyperref Info: Link coloring OFF on input line 6362.
Package hyperref Info: Link coloring with OCG OFF on input line 6367.
Package hyperref Info: PDF/A mode OFF on input line 6372.
LaTeX Info: Redefining \ref on input line 6412.
LaTeX Info: Redefining \pageref on input line 6416.
\Hy@abspage=\count313
\c@Item=\count314
\c@Hfootnote=\count315
)

Package hyperref Message: Driver: hpdftex.

("E:\Program Files\MikTex\tex\latex\hyperref\hpdftex.def"
File: hpdftex.def 2016/06/24 v6.83q Hyperref driver for pdfTeX
\Fld@listcount=\count316
\c@bookmark@seq@number=\count317

("E:\Program Files\MikTex\tex\latex\oberdiek\rerunfilecheck.sty"
Package: rerunfilecheck 2016/05/16 v1.8 Rerun checks for auxiliary files (HO)
Package uniquecounter Info: New unique counter `rerunfilecheck' on input line 2
82.
)
\Hy@SectionHShift=\skip88
)
Package zref Info: New property list: pdfcomment on input line 2724.
Package zref Info: New property: PCPDFOBJID on input line 2725.
)
Package hyperref Info: Option `colorlinks' set `true' on input line 12.
Package hyperref Info: Option `bookmarksnumbered' set `true' on input line 12.

("E:\Program Files\MikTex\tex\latex\cleveref\cleveref.sty"
Package: cleveref 2013/12/28 v0.19 Intelligent cross-referencing
Package cleveref Info: `hyperref' support loaded on input line 2230.
LaTeX Info: Redefining \cref on input line 2230.
LaTeX Info: Redefining \Cref on input line 2230.
LaTeX Info: Redefining \crefrange on input line 2230.
LaTeX Info: Redefining \Crefrange on input line 2230.
LaTeX Info: Redefining \cpageref on input line 2230.
LaTeX Info: Redefining \Cpageref on input line 2230.
LaTeX Info: Redefining \cpagerefrange on input line 2230.
LaTeX Info: Redefining \Cpagerefrange on input line 2230.
LaTeX Info: Redefining \labelcref on input line 2230.
LaTeX Info: Redefining \labelcpageref on input line 2230.
Package cleveref Info: `listings' support loaded on input line 2950.
Package cleveref Info: always capitalise cross-reference names on input line 74
65.
Package cleveref Info: always capitalise cross-reference names on input line 74
93.
Package cleveref Info: no abbreviation of names on input line 7493.
))
(prodrive/package/pdreq.sty
Package: prodrive/package/pdreq 

("E:\Program Files\MikTex\tex\latex\marvosym\marvosym.sty"
Package: marvosym 2011/07/20 v2.2 Martin Vogel's Symbols font definitions
)
("E:\Program Files\MikTex\tex\latex\hanging\hanging.sty"
Package: hanging 2009/09/02 v1.2b hanging paragraphs and punctuation
\h@ngcommawd=\skip89
\h@ngfstopwd=\skip90
\h@ngquotewd=\skip91
\h@ngdquotewd=\skip92
\h@ngquerywd=\skip93
\h@ngexclwd=\skip94
\h@ngcolonwd=\skip95
\h@ngscolonwd=\skip96
)
\c@pdreqshowratio=\count318
\c@pdreqshownote=\count319
)
(prodrive/package/pdtest.sty
Package: prodrive/package/pdtest 2014/12/18 Prodrive QRD Automation macros

("E:\Program Files\MikTex\tex\latex\xstring\xstring.sty"
("E:\Program Files\MikTex\tex\generic\xstring\xstring.tex"
\@xs@message=\write5
\integerpart=\count320
\decimalpart=\count321
)
Package: xstring 2013/10/13  v1.7c  String manipulations (C Tellechea)
)
\c@pdTestHostCounter=\count322
\c@pdTestAgentCounter=\count323
\c@pdTestMasterCounter=\count324
\c@pdTestSlaveCounter=\count325
\c@pdTestSenderCounter=\count326
\c@pdTestReceiverCounter=\count327
\c@pdTestStepCounter=\count328
)
(prodrive/package/pdtextlabel.sty
Package: prodrive/package/pdtextlabel 
) (prodrive/package/pdtoc.sty
Package: prodrive/package/pdtoc 

("E:\Program Files\MikTex\tex\latex\tocloft\tocloft.sty"
Package: tocloft 2013/05/02 v2.3f parameterised ToC, etc., typesetting
Package tocloft Info: The document has chapter divisions on input line 44.
\cftparskip=\skip97
\cftbeforetoctitleskip=\skip98
\cftaftertoctitleskip=\skip99
\cftbeforepartskip=\skip100
\cftpartnumwidth=\skip101
\cftpartindent=\skip102
\cftbeforechapskip=\skip103
\cftchapindent=\skip104
\cftchapnumwidth=\skip105
\cftbeforesecskip=\skip106
\cftsecindent=\skip107
\cftsecnumwidth=\skip108
\cftbeforesubsecskip=\skip109
\cftsubsecindent=\skip110
\cftsubsecnumwidth=\skip111
\cftbeforesubsubsecskip=\skip112
\cftsubsubsecindent=\skip113
\cftsubsubsecnumwidth=\skip114
\cftbeforeparaskip=\skip115
\cftparaindent=\skip116
\cftparanumwidth=\skip117
\cftbeforesubparaskip=\skip118
\cftsubparaindent=\skip119
\cftsubparanumwidth=\skip120
\cftbeforeloftitleskip=\skip121
\cftafterloftitleskip=\skip122
\cftbeforefigskip=\skip123
\cftfigindent=\skip124
\cftfignumwidth=\skip125
\c@lofdepth=\count329
\c@lotdepth=\count330
\cftbeforelottitleskip=\skip126
\cftafterlottitleskip=\skip127
\cftbeforetabskip=\skip128
\cfttabindent=\skip129
\cfttabnumwidth=\skip130
)))
(prodrive/package/pdhwqrd.sty
Package: prodrive/package/pdhwqrd 

("E:\Program Files\MikTex\tex\latex\framed\framed.sty"
Package: framed 2011/10/22 v 0.96: framed or shaded text with page breaks
\OuterFrameSep=\skip131
\fb@frw=\dimen321
\fb@frh=\dimen322
\FrameRule=\dimen323
\FrameSep=\dimen324
)
("E:\Program Files\MikTex\tex\latex\capt-of\capt-of.sty"
Package: capt-of 2009/12/29 v0.2 standard captions outside of floats
)))
("E:\Program Files\MikTex\tex\latex\placeins\placeins.sty"
Package: placeins 2005/04/18  v 2.2
)
("E:\Program Files\MikTex\tex\latex\siunitx\siunitx.sty"
Package: siunitx 2017/03/23 v2.7f A comprehensive (SI) units package

("E:\Program Files\MikTex\tex\latex\l3packages\l3keys2e\l3keys2e.sty"
Package: l3keys2e 2017/04/01 LaTeX2e option processing using LaTeX3 keys
)
\l__siunitx_tmp_box=\box92
\l__siunitx_tmp_dim=\dimen325
\l__siunitx_tmp_int=\count331
\l__siunitx_number_mantissa_length_int=\count332
\l__siunitx_number_uncert_length_int=\count333
\l__siunitx_round_int=\count334
\l__siunitx_process_decimal_int=\count335
\l__siunitx_process_uncertainty_int=\count336
\l__siunitx_process_fixed_int=\count337
\l__siunitx_process_integer_min_int=\count338
\l__siunitx_process_precision_int=\count339
\l__siunitx_group_min_int=\count340
\l__siunitx_angle_marker_box=\box93
\l__siunitx_angle_unit_box=\box94
\l__siunitx_angle_marker_dim=\dimen326
\l__siunitx_angle_unit_dim=\dimen327
\l__siunitx_unit_int=\count341
\l__siunitx_unit_denominator_int=\count342
\l__siunitx_unit_numerator_int=\count343
\l__siunitx_unit_prefix_int=\count344
\l__siunitx_unit_prefix_base_int=\count345
\l__siunitx_unit_prefix_gram_int=\count346
\l__siunitx_number_product_int=\count347
\c__siunitx_one_fill_skip=\skip132
\l__siunitx_table_unit_align_skip=\skip133
\l__siunitx_table_exponent_dim=\dimen328
\l__siunitx_table_integer_dim=\dimen329
\l__siunitx_table_mantissa_dim=\dimen330
\l__siunitx_table_marker_dim=\dimen331
\l__siunitx_table_result_dim=\dimen332
\l__siunitx_table_uncert_dim=\dimen333
\l__siunitx_table_fill_pre_dim=\dimen334
\l__siunitx_table_fill_post_dim=\dimen335
\l__siunitx_table_fill_mid_dim=\dimen336
\l__siunitx_table_pre_box=\box95
\l__siunitx_table_post_box=\box96
\l__siunitx_table_mantissa_box=\box97
\l__siunitx_table_result_box=\box98
\l__siunitx_table_number_align_skip=\skip134
\l__siunitx_table_text_align_skip=\skip135
.................................................
. LaTeX info: "xparse/define-command"
. 
. Defining command \DeclareBinaryPrefix with sig. 'mmm' on line 7274.
.................................................
.................................................
. LaTeX info: "xparse/define-command"
. 
. Defining command \DeclareSIPostPower with sig. 'mm' on line 7277.
.................................................
.................................................
. LaTeX info: "xparse/define-command"
. 
. Defining command \DeclareSIPrefix with sig. 'mmm' on line 7280.
.................................................
.................................................
. LaTeX info: "xparse/define-command"
. 
. Defining command \DeclareSIPrePower with sig. 'mm' on line 7283.
.................................................
.................................................
. LaTeX info: "xparse/define-command"
. 
. Defining command \DeclareSIQualifier with sig. 'mm' on line 7286.
.................................................
.................................................
. LaTeX info: "xparse/define-command"
. 
. Defining command \DeclareSIUnit with sig. 'O{}mm' on line 7289.
.................................................
.................................................
. LaTeX info: "xparse/define-command"
. 
. Defining command \DeclareSIUnitWithOptions with sig. 'mmm' on line 7292.
.................................................
.................................................
. LaTeX info: "xparse/define-command"
. 
. Defining command \ang with sig. 'o>{\SplitArgument {2}{;}}m' on line 7307.
.................................................
.................................................
. LaTeX info: "xparse/define-command"
. 
. Defining command \num with sig. 'om' on line 7316.
.................................................
.................................................
. LaTeX info: "xparse/define-command"
. 
. Defining command \numlist with sig. 'o>{\SplitList {;}}m' on line 7325.
.................................................
.................................................
. LaTeX info: "xparse/define-command"
. 
. Defining command \numrange with sig. 'omm' on line 7334.
.................................................
.................................................
. LaTeX info: "xparse/define-command"
. 
. Defining command \SIlist with sig. 'o>{\SplitList {;}}mm' on line 7346.
.................................................
.................................................
. LaTeX info: "xparse/define-command"
. 
. Defining command \SIrange with sig. 'ommm' on line 7358.
.................................................
.................................................
. LaTeX info: "xparse/define-command"
. 
. Defining command \SI with sig. 'omom' on line 7370.
.................................................
.................................................
. LaTeX info: "xparse/define-command"
. 
. Defining command \sisetup with sig. 'm' on line 7373.
.................................................
.................................................
. LaTeX info: "xparse/define-command"
. 
. Defining command \tablenum with sig. 'om' on line 7388.
.................................................
.................................................
. LaTeX info: "xparse/define-command"
. 
. Defining command \si with sig. 'om' on line 7400.
.................................................
.................................................
. LaTeX info: "xparse/define-command"
. 
. Defining command \numInBookmark with sig. 'om' on line 7447.
.................................................
.................................................
. LaTeX info: "xparse/define-command"
. 
. Defining command \numrangeInBookmark with sig. 'omm' on line 7449.
.................................................
.................................................
. LaTeX info: "xparse/define-command"
. 
. Defining command \SIInBookmark with sig. 'omom' on line 7451.
.................................................
.................................................
. LaTeX info: "xparse/define-command"
. 
. Defining command \SIlistInBookmark with sig. 'omm' on line 7453.
.................................................
.................................................
. LaTeX info: "xparse/define-command"
. 
. Defining command \SIrangeInBookmark with sig. 'ommm' on line 7455.
.................................................
.................................................
. LaTeX info: "xparse/define-command"
. 
. Defining command \siInBookmark with sig. 'om' on line 7456.
.................................................
\g__file_internal_ior=\read3

("E:\Program Files\MikTex\tex\latex\beamer\translator\translator.sty"
Package: translator 2010/06/12 ver 1.10

("E:\Program Files\MikTex\tex\latex\beamer\translator\translator-language-mappi
ngs.tex"))) ("E:\Program Files\MikTex\tex\generic\genmisc\nth.sty"
Package: nth 2002/02/27
)
(PriorRTOS_UserManual_R01.aux

LaTeX Warning: Label `func:' multiply defined.


LaTeX Warning: Label `func:@cref' multiply defined.


LaTeX Warning: Label `func:' multiply defined.


LaTeX Warning: Label `func:@cref' multiply defined.


LaTeX Warning: Label `func:' multiply defined.


LaTeX Warning: Label `func:@cref' multiply defined.


LaTeX Warning: Label `func:' multiply defined.


LaTeX Warning: Label `func:@cref' multiply defined.


LaTeX Warning: Label `func:SemaphoreAcquire' multiply defined.


LaTeX Warning: Label `func:SemaphoreAcquire@cref' multiply defined.


LaTeX Warning: Label `func:' multiply defined.


LaTeX Warning: Label `func:@cref' multiply defined.

)
\openout1 = `PriorRTOS_UserManual_R01.aux'.

LaTeX Font Info:    Checking defaults for OML/cmm/m/it on input line 25.
LaTeX Font Info:    ... okay on input line 25.
LaTeX Font Info:    Checking defaults for T1/cmr/m/n on input line 25.
LaTeX Font Info:    ... okay on input line 25.
LaTeX Font Info:    Checking defaults for OT1/cmr/m/n on input line 25.
LaTeX Font Info:    ... okay on input line 25.
LaTeX Font Info:    Checking defaults for OMS/cmsy/m/n on input line 25.
LaTeX Font Info:    ... okay on input line 25.
LaTeX Font Info:    Checking defaults for OMX/cmex/m/n on input line 25.
LaTeX Font Info:    ... okay on input line 25.
LaTeX Font Info:    Checking defaults for U/cmr/m/n on input line 25.
LaTeX Font Info:    ... okay on input line 25.
LaTeX Font Info:    Checking defaults for TS1/cmr/m/n on input line 25.
LaTeX Font Info:    Try loading font information for TS1+cmr on input line 25.
 ("E:\Program Files\MikTex\tex\latex\base\ts1cmr.fd"
File: ts1cmr.fd 2014/09/29 v2.5h Standard LaTeX font definitions
)
LaTeX Font Info:    ... okay on input line 25.
LaTeX Font Info:    Checking defaults for PD1/pdf/m/n on input line 25.
LaTeX Font Info:    ... okay on input line 25.
LaTeX Font Info:    Checking defaults for PU/pdf/m/n on input line 25.
LaTeX Font Info:    ... okay on input line 25.
LaTeX Font Info:    Try loading font information for T1+phv on input line 25.

("E:\Program Files\MikTex\tex\latex\psnfss\t1phv.fd"
File: t1phv.fd 2001/06/04 scalable font definitions for T1/phv.
)
*geometry* driver: auto-detecting
*geometry* detected driver: pdftex
*geometry* verbose mode - [ preamble ] result:
* driver: pdftex
* paper: a4paper
* layout: <same size as paper>
* layoutoffset:(h,v)=(0.0pt,0.0pt)
* modes: 
* h-part:(L,W,R)=(77.9607pt, 441.30211pt, 78.24507pt)
* v-part:(T,H,B)=(72.2698pt, 686.28085pt, 86.49619pt)
* \paperwidth=597.50787pt
* \paperheight=845.04684pt
* \textwidth=441.30211pt
* \textheight=686.28085pt
* \oddsidemargin=5.6907pt
* \evensidemargin=5.6907pt
* \topmargin=-37.00018pt
* \headheight=12.0pt
* \headsep=25.0pt
* \topskip=10.0pt
* \footskip=30.0pt
* \marginparwidth=65.0pt
* \marginparsep=11.0pt
* \columnsep=10.0pt
* \skip\footins=9.0pt plus 4.0pt minus 2.0pt
* \hoffset=0.0pt
* \voffset=0.0pt
* \mag=1000
* \@twocolumnfalse
* \@twosidefalse
* \@mparswitchfalse
* \@reversemarginfalse
* (1in=72.27pt=25.4mm, 1cm=28.453pt)

("E:\Program Files\MikTex\tex\context\base\supp-pdf.mkii"
[Loading MPS to PDF converter (version 2006.09.02).]
\scratchcounter=\count348
\scratchdimen=\dimen337
\scratchbox=\box99
\nofMPsegments=\count349
\nofMParguments=\count350
\everyMPshowfont=\toks55
\MPscratchCnt=\count351
\MPscratchDim=\dimen338
\MPnumerator=\count352
\makeMPintoPDFobject=\count353
\everyMPtoPDFconversion=\toks56
) ("E:\Program Files\MikTex\tex\latex\oberdiek\epstopdf-base.sty"
Package: epstopdf-base 2016/05/15 v2.6 Base part for package epstopdf

("E:\Program Files\MikTex\tex\latex\oberdiek\grfext.sty"
Package: grfext 2016/05/16 v1.2 Manage graphics extensions (HO)
)
Package epstopdf-base Info: Redefining graphics rule for `.eps' on input line 4
38.
Package grfext Info: Graphics extension search list:
(grfext)             [.png,.pdf,.jpg,.mps,.jpeg,.jbig2,.jb2,.PNG,.PDF,.JPG,.JPE
G,.JBIG2,.JB2,.eps]
(grfext)             \AppendGraphicsExtensions on input line 456.
)
ABD: EveryShipout initializing macros
Package lastpage Info: Please have a look at the pageslts package at
(lastpage)             https://www.ctan.org/pkg/pageslts
(lastpage)             ! on input line 25.
Package caption Info: Begin \AtBeginDocument code.
Package caption Info: float package is loaded.
Package caption Info: hyperref package is loaded.
Package caption Info: listings package is loaded.
Package caption Info: longtable package is loaded.

("E:\Program Files\MikTex\tex\latex\caption\ltcaption.sty"
Package: ltcaption 2013/06/09 v1.4-94 longtable captions (AR)
)
Package caption Info: End \AtBeginDocument code.
\c@lstlisting=\count354
LaTeX Info: Redefining \microtypecontext on input line 25.
Package microtype Info: Generating PDF output.
Package microtype Info: Character protrusion enabled (level 2).
Package microtype Info: Using default protrusion set `alltext'.
Package microtype Info: Automatic font expansion enabled (level 2),
(microtype)             stretch: 20, shrink: 20, step: 1, non-selected.
Package microtype Info: Using default expansion set `basictext'.
Package microtype Info: No adjustment of tracking.
Package microtype Info: No adjustment of interword spacing.
Package microtype Info: No adjustment of character kerning.
Package microtype Info: Loading generic settings for font family
(microtype)             `phv' (encoding: T1).
(microtype)             For optimal results, create family-specific settings.
(microtype)             See the microtype manual for details.
Package marginnote Info: \pdfoutput not 0 or unimportant and
(marginnote)             \pdflastxpos or \lastxpos available.
(marginnote)             Extended position detection mode activated.
\AtBeginShipoutBox=\box100
Package hyperref Info: Link coloring ON on input line 25.

("E:\Program Files\MikTex\tex\latex\hyperref\nameref.sty"
Package: nameref 2016/05/21 v2.44 Cross-referencing by name of section

("E:\Program Files\MikTex\tex\generic\oberdiek\gettitlestring.sty"
Package: gettitlestring 2016/05/16 v1.5 Cleanup title references (HO)
)
\c@section@level=\count355
)
LaTeX Info: Redefining \ref on input line 25.
LaTeX Info: Redefining \pageref on input line 25.
LaTeX Info: Redefining \nameref on input line 25.

(PriorRTOS_UserManual_R01.out) (PriorRTOS_UserManual_R01.out)
\@outlinefile=\write6
\openout6 = `PriorRTOS_UserManual_R01.out'.


("E:\Program Files\MikTex\tex\latex\beamer\translator\dicts\translator-basic-di
ctionary\translator-basic-dictionary-English.dict"
Dictionary: translator-basic-dictionary, Language: English 
)
("E:\Program Files\MikTex\tex\latex\siunitx\siunitx-abbreviations.cfg"
File: siunitx-abbreviations.cfg 2017/03/23 v2.7f siunitx: Abbreviated units
)
\c__siunitx_mathsf_int=\count356

("E:\Program Files\MikTex\tex\latex\microtype\mt-cmr.cfg"
File: mt-cmr.cfg 2013/05/19 v2.2 microtype config. file: Computer Modern Roman 
(RS)
)
LaTeX Font Info:    Try loading font information for U+msa on input line 25.

("E:\Program Files\MikTex\tex\latex\amsfonts\umsa.fd"
File: umsa.fd 2013/01/14 v3.01 AMS symbols A
)
("E:\Program Files\MikTex\tex\latex\microtype\mt-msa.cfg"
File: mt-msa.cfg 2006/02/04 v1.1 microtype config. file: AMS symbols (a) (RS)
)
LaTeX Font Info:    Try loading font information for U+msb on input line 25.

("E:\Program Files\MikTex\tex\latex\amsfonts\umsb.fd"
File: umsb.fd 2013/01/14 v3.01 AMS symbols B
)
("E:\Program Files\MikTex\tex\latex\microtype\mt-msb.cfg"
File: mt-msb.cfg 2005/06/01 v1.0 microtype config. file: AMS symbols (b) (RS)
)
Package microtype Info: Loading generic settings for font family
(microtype)             `cmss' (encoding: OT1).
(microtype)             For optimal results, create family-specific settings.
(microtype)             See the microtype manual for details.
\c__siunitx_mathtt_int=\count357
Package microtype Info: Loading generic settings for font family
(microtype)             `cmtt' (encoding: OT1).
(microtype)             For optimal results, create family-specific settings.
(microtype)             See the microtype manual for details.
LaTeX Font Info:    Font shape `T1/phv/bx/n' in size <17.28> not available
(Font)              Font shape `T1/phv/b/n' tried instead on input line 27.

<prodrive/fig/prior_logo.png, id=622, 259.56975pt x 102.98476pt>
File: prodrive/fig/prior_logo.png Graphic file (type png)

<use prodrive/fig/prior_logo.png>
Package pdftex.def Info: prodrive/fig/prior_logo.png used on input line 27.
(pdftex.def)             Requested size: 389.35365pt x 154.47672pt.

("E:\Program Files\MikTex\tex\generic\oberdiek\se-pdfdoc.def"
File: se-pdfdoc.def 2016/05/16 v1.11 stringenc: PDFDocEncoding
) [1

\openout4 = `PriorRTOS_UserManual_R01.upa'.

{C:/ProgramData/MiKTeX/2.9/pdftex/config/pdftex.map} <./prodrive/fig/prior_logo
.png>]
LaTeX Font Info:    Font shape `T1/phv/bx/n' in size <14.4> not available
(Font)              Font shape `T1/phv/b/n' tried instead on input line 30.

<prodrive/fig/prior_favicon_small.pdf, id=632, 127.46019pt x 127.46019pt>
File: prodrive/fig/prior_favicon_small.pdf Graphic file (type pdf)

<use prodrive/fig/prior_favicon_small.pdf>
Package pdftex.def Info: prodrive/fig/prior_favicon_small.pdf used on input lin
e 37.
(pdftex.def)             Requested size: 50.98317pt x 50.98317pt.
LaTeX Font Info:    Font shape `T1/phv/bx/n' in size <10> not available
(Font)              Font shape `T1/phv/b/n' tried instead on input line 37.
 [2 <./prodrive/fig/prior_favicon_small.pdf>]
File: prodrive/fig/prior_favicon_small.pdf Graphic file (type pdf)
 <use prodrive/fig/prior_favicon_small.pdf>
Package pdftex.def Info: prodrive/fig/prior_favicon_small.pdf used on input lin
e 51.
(pdftex.def)             Requested size: 50.98317pt x 50.98317pt.
 [3]
(PriorRTOS_UserManual_R01.toc
LaTeX Font Info:    Font shape `T1/phv/bx/sc' in size <10> not available
(Font)              Font shape `T1/phv/b/sc' tried instead on input line 3.
LaTeX Font Info:    Font shape `T1/phv/m/it' in size <10> not available
(Font)              Font shape `T1/phv/m/sl' tried instead on input line 23.
File: prodrive/fig/prior_favicon_small.pdf Graphic file (type pdf)
 <use prodrive/fig/prior_favicon_small.pdf>
Package pdftex.def Info: prodrive/fig/prior_favicon_small.pdf used on input lin
e 50.
(pdftex.def)             Requested size: 50.98317pt x 50.98317pt.

[4

]
Overfull \hbox (3.36679pt too wide) detected at line 83
\T1/phv/m/sl/10 10.2.10 
 []


Overfull \hbox (3.36679pt too wide) detected at line 84
\T1/phv/m/sl/10 10.2.11 
 []


Overfull \hbox (3.36679pt too wide) detected at line 85
\T1/phv/m/sl/10 10.2.12 
 []


Overfull \hbox (3.36679pt too wide) detected at line 86
\T1/phv/m/sl/10 10.2.13 
 []


Overfull \hbox (3.36679pt too wide) detected at line 87
\T1/phv/m/sl/10 10.2.14 
 []


Overfull \hbox (3.36679pt too wide) detected at line 88
\T1/phv/m/sl/10 10.2.15 
 []


Overfull \hbox (3.36679pt too wide) detected at line 89
\T1/phv/m/sl/10 10.2.16 
 []


Overfull \hbox (3.36679pt too wide) detected at line 90
\T1/phv/m/sl/10 10.2.17 
 []

File: prodrive/fig/prior_favicon_small.pdf Graphic file (type pdf)
<use prodrive/fig/prior_favicon_small.pdf>
Package pdftex.def Info: prodrive/fig/prior_favicon_small.pdf used on input lin
e 104.
(pdftex.def)             Requested size: 50.98317pt x 50.98317pt.
 [5])
\tf@toc=\write7
\openout7 = `PriorRTOS_UserManual_R01.toc'.

File: prodrive/fig/prior_favicon_small.pdf Graphic file (type pdf)

<use prodrive/fig/prior_favicon_small.pdf>
Package pdftex.def Info: prodrive/fig/prior_favicon_small.pdf used on input lin
e 51.
(pdftex.def)             Requested size: 50.98317pt x 50.98317pt.
 [6] (PriorRTOS_UserManual_R01.lof
LaTeX Font Info:    Try loading font information for T1+cmtt on input line 12.

("E:\Program Files\MikTex\tex\latex\base\t1cmtt.fd"
File: t1cmtt.fd 2014/09/29 v2.5h Standard LaTeX font definitions
)
Package microtype Info: Loading generic settings for font family
(microtype)             `cmtt' (encoding: T1).
(microtype)             For optimal results, create family-specific settings.
(microtype)             See the microtype manual for details.
)
\tf@lof=\write8
\openout8 = `PriorRTOS_UserManual_R01.lof'.


(PriorRTOS_UserManual_R01.lot)
\tf@lot=\write9
\openout9 = `PriorRTOS_UserManual_R01.lot'.

 (PriorRTOS_UserManual_R01.lol)
\tf@lol=\write10
\openout10 = `PriorRTOS_UserManual_R01.lol'.


(contents/ch_References.tex
File: prodrive/fig/prior_favicon_small.pdf Graphic file (type pdf)
 <use prodrive/fig/prior_favicon_small.pdf>
Package pdftex.def Info: prodrive/fig/prior_favicon_small.pdf used on input lin
e 2.
(pdftex.def)             Requested size: 50.98317pt x 50.98317pt.
 [7]
Chapter 1.

Underfull \hbox (badness 10000) in paragraph at lines 13--17

 []


Underfull \hbox (badness 10000) in paragraph at lines 19--23

 []


Underfull \hbox (badness 10000) in paragraph at lines 30--33

 []


Underfull \hbox (badness 10000) in paragraph at lines 35--38

 []


Underfull \hbox (badness 10000) in paragraph at lines 40--43

 []

File: prodrive/fig/prior_favicon_small.pdf Graphic file (type pdf)
<use prodrive/fig/prior_favicon_small.pdf>
Package pdftex.def Info: prodrive/fig/prior_favicon_small.pdf used on input lin
e 46.
(pdftex.def)             Requested size: 50.98317pt x 50.98317pt.
 [8


]) (contents/ch_Abbreviations.tex
Chapter 2.
) (contents/ch_Introduction.tex
File: prodrive/fig/prior_favicon_small.pdf Graphic file (type pdf)
 <use prodrive/fig/prior_favicon_small.pdf>
Package pdftex.def Info: prodrive/fig/prior_favicon_small.pdf used on input lin
e 1.
(pdftex.def)             Requested size: 50.98317pt x 50.98317pt.

[9

]
Chapter 3.
) (contents/ch_Types.tex
File: prodrive/fig/prior_favicon_small.pdf Graphic file (type pdf)
 <use prodrive/fig/prior_favicon_small.pdf>
Package pdftex.def Info: prodrive/fig/prior_favicon_small.pdf used on input lin
e 1.
(pdftex.def)             Requested size: 50.98317pt x 50.98317pt.
 [10

]
Chapter 4.
LaTeX Font Info:    Font shape `T1/phv/bx/n' in size <8> not available
(Font)              Font shape `T1/phv/b/n' tried instead on input line 9.
LaTeX Font Info:    Font shape `T1/phv/m/it' in size <8> not available
(Font)              Font shape `T1/phv/m/sl' tried instead on input line 10.
) (contents/ch_Events.tex
File: prodrive/fig/prior_favicon_small.pdf Graphic file (type pdf)
 <use prodrive/fig/prior_favicon_small.pdf>
Package pdftex.def Info: prodrive/fig/prior_favicon_small.pdf used on input lin
e 1.
(pdftex.def)             Requested size: 50.98317pt x 50.98317pt.
 [11

]
Chapter 5.

Overfull \hbox (23.69737pt too wide) in paragraph at lines 9--17
[][] 
 []


Underfull \hbox (badness 10000) in paragraph at lines 21--22

 []


Underfull \hbox (badness 7486) in paragraph at lines 30--30
[]|\T1/phv/m/n/8 (+20) Set when the sub-scrib-ing task does not im-ple-ment an 
ex-plicit
 []


Overfull \hbox (7.2296pt too wide) in paragraph at lines 25--35
[][] 
 []

File: prodrive/fig/prior_favicon_small.pdf Graphic file (type pdf)
<use prodrive/fig/prior_favicon_small.pdf>
Package pdftex.def Info: prodrive/fig/prior_favicon_small.pdf used on input lin
e 46.
(pdftex.def)             Requested size: 50.98317pt x 50.98317pt.
 [12

]) (contents/ch_Priorities.tex
File: prodrive/fig/prior_favicon_small.pdf Graphic file (type pdf)

<use prodrive/fig/prior_favicon_small.pdf>
Package pdftex.def Info: prodrive/fig/prior_favicon_small.pdf used on input lin
e 1.
(pdftex.def)             Requested size: 50.98317pt x 50.98317pt.
 [13]
Chapter 6.
) (contents/ch_KernelControl.tex
File: prodrive/fig/prior_favicon_small.pdf Graphic file (type pdf)
 <use prodrive/fig/prior_favicon_small.pdf>
Package pdftex.def Info: prodrive/fig/prior_favicon_small.pdf used on input lin
e 1.
(pdftex.def)             Requested size: 50.98317pt x 50.98317pt.

[14

]
Chapter 7.
(contents/sec_KernelControlDescription.tex) (contents/sec_KernelControl.tex
File: prodrive/fig/prior_favicon_small.pdf Graphic file (type pdf)

<use prodrive/fig/prior_favicon_small.pdf>
Package pdftex.def Info: prodrive/fig/prior_favicon_small.pdf used on input lin
e 1.
(pdftex.def)             Requested size: 50.98317pt x 50.98317pt.
 [15

]
LaTeX Font Info:    Font shape `T1/phv/bx/it' in size <14.4> not available
(Font)              Font shape `T1/phv/b/it' tried instead on input line 1.
LaTeX Font Info:    Font shape `T1/phv/b/it' in size <14.4> not available
(Font)              Font shape `T1/phv/b/sl' tried instead on input line 1.
LaTeX Font Info:    Font shape `T1/phv/bx/n' in size <12> not available
(Font)              Font shape `T1/phv/b/n' tried instead on input line 3.
File: prodrive/fig/prior_favicon_small.pdf Graphic file (type pdf)

<use prodrive/fig/prior_favicon_small.pdf>
Package pdftex.def Info: prodrive/fig/prior_favicon_small.pdf used on input lin
e 68.
(pdftex.def)             Requested size: 50.98317pt x 50.98317pt.
 [16]
File: prodrive/fig/prior_favicon_small.pdf Graphic file (type pdf)

<use prodrive/fig/prior_favicon_small.pdf>
Package pdftex.def Info: prodrive/fig/prior_favicon_small.pdf used on input lin
e 139.
(pdftex.def)             Requested size: 50.98317pt x 50.98317pt.
 [17])) (contents/ch_Tasks.tex
File: prodrive/fig/prior_favicon_small.pdf Graphic file (type pdf)

<use prodrive/fig/prior_favicon_small.pdf>
Package pdftex.def Info: prodrive/fig/prior_favicon_small.pdf used on input lin
e 1.
(pdftex.def)             Requested size: 50.98317pt x 50.98317pt.
 [18]
Chapter 8.
(contents/sec_Tasks.tex
File: prodrive/fig/prior_favicon_small.pdf Graphic file (type pdf)
 <use prodrive/fig/prior_favicon_small.pdf>
Package pdftex.def Info: prodrive/fig/prior_favicon_small.pdf used on input lin
e 60.
(pdftex.def)             Requested size: 50.98317pt x 50.98317pt.
 [19

]
Underfull \hbox (badness 10000) in paragraph at lines 108--108

 []

File: prodrive/fig/prior_favicon_small.pdf Graphic file (type pdf)
<use prodrive/fig/prior_favicon_small.pdf>
Package pdftex.def Info: prodrive/fig/prior_favicon_small.pdf used on input lin
e 126.
(pdftex.def)             Requested size: 50.98317pt x 50.98317pt.
 [20]))
(contents/ch_MemoryManagement.tex
File: prodrive/fig/prior_favicon_small.pdf Graphic file (type pdf)
 <use prodrive/fig/prior_favicon_small.pdf>
Package pdftex.def Info: prodrive/fig/prior_favicon_small.pdf used on input lin
e 1.
(pdftex.def)             Requested size: 50.98317pt x 50.98317pt.

[21]
Chapter 9.
(contents/sec_MemoryManagementDescription.tex
<figures/mem_layout.pdf, id=963, 597.23125pt x 845.1575pt>
File: figures/mem_layout.pdf Graphic file (type pdf)

<use figures/mem_layout.pdf>
Package pdftex.def Info: figures/mem_layout.pdf used on input line 20.
(pdftex.def)             Requested size: 268.75157pt x 380.31737pt.
File: prodrive/fig/prior_favicon_small.pdf Graphic file (type pdf)
 <use prodrive/fig/prior_favicon_small.pdf>
Package pdftex.def Info: prodrive/fig/prior_favicon_small.pdf used on input lin
e 23.
(pdftex.def)             Requested size: 50.98317pt x 50.98317pt.

[22

]) (contents/sec_MemoryManagement.tex
File: prodrive/fig/prior_favicon_small.pdf Graphic file (type pdf)

<use prodrive/fig/prior_favicon_small.pdf>
Package pdftex.def Info: prodrive/fig/prior_favicon_small.pdf used on input lin
e 30.
(pdftex.def)             Requested size: 50.98317pt x 50.98317pt.
 [23 <./figures/mem_layout.pdf>]
Underfull \hbox (badness 10000) in paragraph at lines 43--43

 []


Underfull \hbox (badness 10000) in paragraph at lines 53--53

 []

File: prodrive/fig/prior_favicon_small.pdf Graphic file (type pdf)
<use prodrive/fig/prior_favicon_small.pdf>
Package pdftex.def Info: prodrive/fig/prior_favicon_small.pdf used on input lin
e 101.
(pdftex.def)             Requested size: 50.98317pt x 50.98317pt.
 [24])) (contents/ch_Timers.tex
File: prodrive/fig/prior_favicon_small.pdf Graphic file (type pdf)

<use prodrive/fig/prior_favicon_small.pdf>
Package pdftex.def Info: prodrive/fig/prior_favicon_small.pdf used on input lin
e 1.
(pdftex.def)             Requested size: 50.98317pt x 50.98317pt.
 [25]
Chapter 10.
(contents/sec_TimerDescription.tex
Underfull \hbox (badness 10000) in paragraph at lines 7--12

 []


Underfull \hbox (badness 10000) in paragraph at lines 14--18

 []


Overfull \hbox (10.63751pt too wide) in paragraph at lines 22--29
[][] 
 []

)
File: prodrive/fig/prior_favicon_small.pdf Graphic file (type pdf)
 <use prodrive/fig/prior_favicon_small.pdf>
Package pdftex.def Info: prodrive/fig/prior_favicon_small.pdf used on input lin
e 6.
(pdftex.def)             Requested size: 50.98317pt x 50.98317pt.
 [26

] (contents/sec_Timers.tex
File: prodrive/fig/prior_favicon_small.pdf Graphic file (type pdf)

<use prodrive/fig/prior_favicon_small.pdf>
Package pdftex.def Info: prodrive/fig/prior_favicon_small.pdf used on input lin
e 76.
(pdftex.def)             Requested size: 50.98317pt x 50.98317pt.
 [27]
File: prodrive/fig/prior_favicon_small.pdf Graphic file (type pdf)

<use prodrive/fig/prior_favicon_small.pdf>
Package pdftex.def Info: prodrive/fig/prior_favicon_small.pdf used on input lin
e 148.
(pdftex.def)             Requested size: 50.98317pt x 50.98317pt.
 [28])) (contents/ch_Semaphores.tex
File: prodrive/fig/prior_favicon_small.pdf Graphic file (type pdf)

<use prodrive/fig/prior_favicon_small.pdf>
Package pdftex.def Info: prodrive/fig/prior_favicon_small.pdf used on input lin
e 1.
(pdftex.def)             Requested size: 50.98317pt x 50.98317pt.
 [29]
Chapter 11.
(contents/sec_Semaphores.tex
File: prodrive/fig/prior_favicon_small.pdf Graphic file (type pdf)
 <use prodrive/fig/prior_favicon_small.pdf>
Package pdftex.def Info: prodrive/fig/prior_favicon_small.pdf used on input lin
e 62.
(pdftex.def)             Requested size: 50.98317pt x 50.98317pt.

[30

]
Underfull \hbox (badness 10000) in paragraph at lines 86--86

 []

)) (contents/ch_Mailboxes.tex
File: prodrive/fig/prior_favicon_small.pdf Graphic file (type pdf)
 <use prodrive/fig/prior_favicon_small.pdf>
Package pdftex.def Info: prodrive/fig/prior_favicon_small.pdf used on input lin
e 1.
(pdftex.def)             Requested size: 50.98317pt x 50.98317pt.

[31]
Chapter 12.
(contents/sec_Mailboxes.tex
File: prodrive/fig/prior_favicon_small.pdf Graphic file (type pdf)
 <use prodrive/fig/prior_favicon_small.pdf>
Package pdftex.def Info: prodrive/fig/prior_favicon_small.pdf used on input lin
e 65.
(pdftex.def)             Requested size: 50.98317pt x 50.98317pt.
 [32

]
Underfull \hbox (badness 10000) in paragraph at lines 82--82

 []

)) (contents/ch_Eventgroups.tex
File: prodrive/fig/prior_favicon_small.pdf Graphic file (type pdf)
 <use prodrive/fig/prior_favicon_small.pdf>
Package pdftex.def Info: prodrive/fig/prior_favicon_small.pdf used on input lin
e 1.
(pdftex.def)             Requested size: 50.98317pt x 50.98317pt.

[33]
Chapter 13.
(contents/sec_EventgroupDescription.tex
Overfull \hbox (17.81697pt too wide) in paragraph at lines 8--13
[][] 
 []

)
File: prodrive/fig/prior_favicon_small.pdf Graphic file (type pdf)
 <use prodrive/fig/prior_favicon_small.pdf>
Package pdftex.def Info: prodrive/fig/prior_favicon_small.pdf used on input lin
e 5.
(pdftex.def)             Requested size: 50.98317pt x 50.98317pt.
 [34

] (contents/sec_Eventgroups.tex
Overfull \hbox (18.84671pt too wide) in paragraph at lines 33--33
   [] \T1/phv/m/n/10 (-20) Sets the masked flags in the event-group reg-is-ter.
 if mask = (EVENT-GROUP_FLAG_MASK_3
 []


Overfull \hbox (27.54912pt too wide) in paragraph at lines 47--47
   [] \T1/phv/m/n/10 (-20) Clears the masked flags in the event-group reg-is-te
r. if mask = (EVENT-GROUP_FLAG_MASK_0
 []


Underfull \hbox (badness 10000) in paragraph at lines 63--63

 []

)) (contents/ch_Ringbuffers.tex
File: prodrive/fig/prior_favicon_small.pdf Graphic file (type pdf)
 <use prodrive/fig/prior_favicon_small.pdf>
Package pdftex.def Info: prodrive/fig/prior_favicon_small.pdf used on input lin
e 1.
(pdftex.def)             Requested size: 50.98317pt x 50.98317pt.

[35]
Chapter 14.
(contents/sec_Ringbuffers.tex
Overfull \hbox (22.27945pt too wide) in paragraph at lines 54--55
   [] \T1/cmtt/m/n/10 (Ring-buf-Base_t) tar-get\T1/phv/m/n/10 (-20) :  Tar-get 
data ar-ray. Pre-condition: tar-get[0] = 0xFE, target[amount-
 []

File: prodrive/fig/prior_favicon_small.pdf Graphic file (type pdf)
<use prodrive/fig/prior_favicon_small.pdf>
Package pdftex.def Info: prodrive/fig/prior_favicon_small.pdf used on input lin
e 61.
(pdftex.def)             Requested size: 50.98317pt x 50.98317pt.
 [36

]
Overfull \hbox (6.08315pt too wide) in paragraph at lines 74--75
   [] \T1/cmtt/m/n/10 (Ring-buf-Base_t) tar-get\T1/phv/m/n/10 (-20) :  Tar-get 
data ar-ray. Pre-condition: tar-get[0] = 0xFE, target[ring-
 []


Underfull \hbox (badness 10000) in paragraph at lines 76--76

 []


Underfull \hbox (badness 10000) in paragraph at lines 102--102

 []


Underfull \hbox (badness 10000) in paragraph at lines 113--113

 []


Underfull \hbox (badness 10000) in paragraph at lines 123--123

 []

)) (contents/ch_Logger.tex
File: prodrive/fig/prior_favicon_small.pdf Graphic file (type pdf)
 <use prodrive/fig/prior_favicon_small.pdf>
Package pdftex.def Info: prodrive/fig/prior_favicon_small.pdf used on input lin
e 1.
(pdftex.def)             Requested size: 50.98317pt x 50.98317pt.
 [37]
Chapter 15.
(contents/sec_LoggerDescription.tex) (contents/sec_Logger.tex))
(contents/ch_Convert.tex
File: prodrive/fig/prior_favicon_small.pdf Graphic file (type pdf)
 <use prodrive/fig/prior_favicon_small.pdf>
Package pdftex.def Info: prodrive/fig/prior_favicon_small.pdf used on input lin
e 1.
(pdftex.def)             Requested size: 50.98317pt x 50.98317pt.
 [38

]
Chapter 16.
(contents/sec_Convert.tex
File: prodrive/fig/prior_favicon_small.pdf Graphic file (type pdf)
 <use prodrive/fig/prior_favicon_small.pdf>
Package pdftex.def Info: prodrive/fig/prior_favicon_small.pdf used on input lin
e 58.
(pdftex.def)             Requested size: 50.98317pt x 50.98317pt.
 [39

]))
(contents/ch_Shell.tex
File: prodrive/fig/prior_favicon_small.pdf Graphic file (type pdf)
 <use prodrive/fig/prior_favicon_small.pdf>
Package pdftex.def Info: prodrive/fig/prior_favicon_small.pdf used on input lin
e 1.
(pdftex.def)             Requested size: 50.98317pt x 50.98317pt.
 [40]
Chapter 17.
LaTeX Font Info:    Font shape `T1/phv/bx/it' in size <12> not available
(Font)              Font shape `T1/phv/b/it' tried instead on input line 18.
LaTeX Font Info:    Font shape `T1/phv/b/it' in size <12> not available
(Font)              Font shape `T1/phv/b/sl' tried instead on input line 18.

Overfull \hbox (14.69183pt too wide) in paragraph at lines 23--27
[][] 
 []


Overfull \hbox (16.93176pt too wide) in paragraph at lines 43--48
[][] 
 []

File: prodrive/fig/prior_favicon_small.pdf Graphic file (type pdf)
<use prodrive/fig/prior_favicon_small.pdf>
Package pdftex.def Info: prodrive/fig/prior_favicon_small.pdf used on input lin
e 50.
(pdftex.def)             Requested size: 50.98317pt x 50.98317pt.
 [41

] (contents/sec_Shell.tex))

AED: lastpage setting LastPage
File: prodrive/fig/prior_favicon_small.pdf Graphic file (type pdf)
<use prodrive/fig/prior_favicon_small.pdf>
Package pdftex.def Info: prodrive/fig/prior_favicon_small.pdf used on input lin
e 95.
(pdftex.def)             Requested size: 50.98317pt x 50.98317pt.
 [42]
Package atveryend Info: Empty hook `BeforeClearDocument' on input line 95.
Package atveryend Info: Empty hook `AfterLastShipout' on input line 95.
 (PriorRTOS_UserManual_R01.aux)
Package atveryend Info: Executing hook `AtVeryEndDocument' on input line 95.
Package atveryend Info: Executing hook `AtEndAfterFileList' on input line 95.
Package rerunfilecheck Info: File `PriorRTOS_UserManual_R01.out' has not change
d.
(rerunfilecheck)             Checksum: 96D833E63F70B13826FD625FBB01DF4E;11485.


LaTeX Warning: There were multiply-defined labels.

 ) 
Here is how much of TeX's memory you used:
 48825 strings out of 493333
 947682 string characters out of 3140918
 1032774 words of memory out of 3000000
 50994 multiletter control sequences out of 15000+200000
 73464 words of font info for 220 fonts, out of 3000000 for 9000
 1141 hyphenation exceptions out of 8191
 87i,18n,102p,10417b,1011s stack positions out of 5000i,500n,10000p,200000b,50000s
{E:/Program Files/MikTex/fonts/enc/dvips/base/8r.enc}{E:/Program Files/MikTex
/fonts/enc/dvips/mnsymbol/MnSymbolC.enc} <C:\Users\Dorus\AppData\Local\MiKTeX\2
.9\fonts\pk\ljfour\jknappen\ec\dpi600\ectt1000.pk><E:/Program Files/MikTex/font
s/type1/public/mnsymbol/MnSymbol10.pfb><E:/Program Files/MikTex/fonts/type1/urw
/helvetic/uhvb8a.pfb><E:/Program Files/MikTex/fonts/type1/urw/helvetic/uhvbo8a.
pfb><E:/Program Files/MikTex/fonts/type1/urw/helvetic/uhvr8a.pfb><E:/Program Fi
les/MikTex/fonts/type1/urw/helvetic/uhvro8a.pfb>
Output written on PriorRTOS_UserManual_R01.pdf (42 pages, 404423 bytes).
PDF statistics:
 1211 PDF objects out of 1440 (max. 8388607)
 220 named destinations out of 1000 (max. 500000)
 39148 words of extra memory for PDF output out of 42996 (max. 10000000)

